2026-04-18T14:40:44.530+02:00  INFO 24708 --- [HospitalManagementSystem] [main] c.e.h.HospitalManagementApplication      : Starting HospitalManagementApplication using Java 25.0.2 with PID 24708 (C:\Users\user\Desktop\Ap dodcument\HospitalManagementSystem_25612-main\target\classes started by user in C:\Users\user\Desktop\Ap dodcument\HospitalManagementSystem_25612-main)
2026-04-18T14:40:44.543+02:00  INFO 24708 --- [HospitalManagementSystem] [main] c.e.h.HospitalManagementApplication      : The following 1 profile is active: "postgres"
2026-04-18T14:40:46.603+02:00  INFO 24708 --- [HospitalManagementSystem] [main] .s.d.r.c.RepositoryConfigurationDelegate : Bootstrapping Spring Data JPA repositories in DEFAULT mode.
2026-04-18T14:40:46.750+02:00  INFO 24708 --- [HospitalManagementSystem] [main] .s.d.r.c.RepositoryConfigurationDelegate : Finished Spring Data repository scanning in 130 ms. Found 11 JPA repository interfaces.
2026-04-18T14:40:48.013+02:00  INFO 24708 --- [HospitalManagementSystem] [main] o.s.b.w.embedded.tomcat.TomcatWebServer  : Tomcat initialized with port 8899 (http)
2026-04-18T14:40:48.057+02:00  INFO 24708 --- [HospitalManagementSystem] [main] o.apache.catalina.core.StandardService   : Starting service [Tomcat]
2026-04-18T14:40:48.058+02:00  INFO 24708 --- [HospitalManagementSystem] [main] o.apache.catalina.core.StandardEngine    : Starting Servlet engine: [Apache Tomcat/10.1.50]
2026-04-18T14:40:48.348+02:00  INFO 24708 --- [HospitalManagementSystem] [main] o.a.c.c.C.[Tomcat].[localhost].[/]       : Initializing Spring embedded WebApplicationContext
2026-04-18T14:40:48.350+02:00  INFO 24708 --- [HospitalManagementSystem] [main] w.s.c.ServletWebServerApplicationContext : Root WebApplicationContext: initialization completed in 3687 ms
2026-04-18T14:40:49.017+02:00  INFO 24708 --- [HospitalManagementSystem] [main] com.zaxxer.hikari.HikariDataSource       : HikariPool-1 - Starting...
2026-04-18T14:40:49.653+02:00  INFO 24708 --- [HospitalManagementSystem] [main] com.zaxxer.hikari.pool.HikariPool        : HikariPool-1 - Added connection org.postgresql.jdbc.PgConnection@6f289728
2026-04-18T14:40:49.655+02:00  INFO 24708 --- [HospitalManagementSystem] [main] com.zaxxer.hikari.HikariDataSource       : HikariPool-1 - Start completed.
2026-04-18T14:40:49.716+02:00  INFO 24708 --- [HospitalManagementSystem] [main] org.flywaydb.core.FlywayExecutor         : Database: jdbc:postgresql://localhost:5432/hospital_db (PostgreSQL 17.7)
2026-04-18T14:40:50.123+02:00  INFO 24708 --- [HospitalManagementSystem] [main] o.f.core.internal.command.DbValidate     : Successfully validated 18 migrations (execution time 00:00.312s)
2026-04-18T14:40:50.151+02:00  INFO 24708 --- [HospitalManagementSystem] [main] o.f.core.internal.command.DbMigrate      : Current version of schema "public": 16
2026-04-18T14:40:50.183+02:00  INFO 24708 --- [HospitalManagementSystem] [main] o.f.core.internal.command.DbMigrate      : Migrating schema "public" to version "17 - create stored files and add indexes"
2026-04-18T14:40:50.460+02:00  INFO 24708 --- [HospitalManagementSystem] [main] o.f.core.internal.command.DbMigrate      : Successfully applied 1 migration to schema "public", now at version v17 (execution time 00:00.264s)
2026-04-18T14:40:50.618+02:00  INFO 24708 --- [HospitalManagementSystem] [main] o.hibernate.jpa.internal.util.LogHelper  : HHH000204: Processing PersistenceUnitInfo [name: default]
2026-04-18T14:40:50.738+02:00  INFO 24708 --- [HospitalManagementSystem] [main] org.hibernate.Version                    : HHH000412: Hibernate ORM core version 6.6.39.Final
2026-04-18T14:40:50.811+02:00  INFO 24708 --- [HospitalManagementSystem] [main] o.h.c.internal.RegionFactoryInitiator    : HHH000026: Second-level cache disabled
2026-04-18T14:40:51.363+02:00  INFO 24708 --- [HospitalManagementSystem] [main] o.s.o.j.p.SpringPersistenceUnitInfo      : No LoadTimeWeaver setup: ignoring JPA class transformer
2026-04-18T14:40:51.484+02:00  WARN 24708 --- [HospitalManagementSystem] [main] org.hibernate.orm.deprecation            : HHH90000025: PostgreSQLDialect does not need to be specified explicitly using 'hibernate.dialect' (remove the property setting and it will be selected by default)
2026-04-18T14:40:51.506+02:00  INFO 24708 --- [HospitalManagementSystem] [main] org.hibernate.orm.connections.pooling    : HHH10001005: Database info:
	Database JDBC URL [Connecting through datasource 'HikariDataSource (HikariPool-1)']
	Database driver: undefined/unknown
	Database version: 17.7
	Autocommit mode: undefined/unknown
	Isolation level: undefined/unknown
	Minimum pool size: undefined/unknown
	Maximum pool size: undefined/unknown
2026-04-18T14:40:53.847+02:00  INFO 24708 --- [HospitalManagementSystem] [main] o.h.e.t.j.p.i.JtaPlatformInitiator       : HHH000489: No JTA platform available (set 'hibernate.transaction.jta.platform' to enable JTA platform integration)
2026-04-18T14:40:53.853+02:00  INFO 24708 --- [HospitalManagementSystem] [main] j.LocalContainerEntityManagerFactoryBean : Initialized JPA EntityManagerFactory for persistence unit 'default'
2026-04-18T14:40:54.275+02:00  INFO 24708 --- [HospitalManagementSystem] [main] o.s.d.j.r.query.QueryEnhancerFactory     : Hibernate is in classpath; If applicable, HQL parser will be used.
2026-04-18T14:40:57.884+02:00  INFO 24708 --- [HospitalManagementSystem] [main] c.e.h.config.LocationSeeder              : Locations already exist. Skipping self-referencing seeding.
2026-04-18T14:40:58.783+02:00  INFO 24708 --- [HospitalManagementSystem] [main] o.s.b.a.e.web.EndpointLinksResolver      : Exposing 2 endpoints beneath base path '/actuator'
2026-04-18T14:40:58.878+02:00  INFO 24708 --- [HospitalManagementSystem] [main] eAuthenticationProviderManagerConfigurer : Global AuthenticationManager configured with AuthenticationProvider bean with name authenticationProvider
2026-04-18T14:40:58.881+02:00  WARN 24708 --- [HospitalManagementSystem] [main] r$InitializeUserDetailsManagerConfigurer : Global AuthenticationManager configured with an AuthenticationProvider bean. UserDetailsService beans will not be used by Spring Security for automatically configuring username/password login. Consider removing the AuthenticationProvider bean. Alternatively, consider using the UserDetailsService in a manually instantiated DaoAuthenticationProvider. If the current configuration is intentional, to turn off this warning, increase the logging level of 'org.springframework.security.config.annotation.authentication.configuration.InitializeUserDetailsBeanManagerConfigurer' to ERROR
2026-04-18T14:40:59.821+02:00  INFO 24708 --- [HospitalManagementSystem] [main] o.s.b.w.embedded.tomcat.TomcatWebServer  : Tomcat started on port 8899 (http) with context path '/'
2026-04-18T14:40:59.856+02:00  INFO 24708 --- [HospitalManagementSystem] [main] c.e.h.HospitalManagementApplication      : Started HospitalManagementApplication in 16.28 seconds (process running for 16.91)
2026-04-18T14:41:00.130+02:00  INFO 24708 --- [HospitalManagementSystem] [main] c.e.h.service.LocationImportService      : Locations already present (17441 rows); skipping import
2026-04-18T14:41:00.132+02:00  INFO 24708 --- [HospitalManagementSystem] [main] c.e.h.config.DemoDataInitializer         : Initializing demo data...
2026-04-18T14:41:00.270+02:00  INFO 24708 --- [HospitalManagementSystem] [main] c.e.h.config.DemoDataInitializer         : Demo data already exists, skipping...
2026-04-18T14:44:32.887+02:00  INFO 24708 --- [HospitalManagementSystem] [http-nio-8899-exec-1] o.a.c.c.C.[Tomcat].[localhost].[/]       : Initializing Spring DispatcherServlet 'dispatcherServlet'
2026-04-18T14:44:32.887+02:00  INFO 24708 --- [HospitalManagementSystem] [http-nio-8899-exec-1] o.s.web.servlet.DispatcherServlet        : Initializing Servlet 'dispatcherServlet'
2026-04-18T14:44:32.892+02:00  INFO 24708 --- [HospitalManagementSystem] [http-nio-8899-exec-1] o.s.web.servlet.DispatcherServlet        : Completed initialization in 3 ms
2026-04-18T14:45:31.946+02:00 ERROR 24708 --- [HospitalManagementSystem] [http-nio-8899-exec-9] c.e.h.service.VoiceMessageService        : Audio file not found in DB or filesystem for message id=1: Audio file not found: 7bbaa0af-8c38-45dd-9172-1a100fe685e4.webm
2026-04-18T14:45:32.072+02:00 ERROR 24708 --- [HospitalManagementSystem] [http-nio-8899-exec-10] c.e.h.service.VoiceMessageService        : Audio file not found in DB or filesystem for message id=1: Audio file not found: 7bbaa0af-8c38-45dd-9172-1a100fe685e4.webm
2026-04-18T14:45:40.580+02:00 ERROR 24708 --- [HospitalManagementSystem] [http-nio-8899-exec-1] c.e.h.service.VoiceMessageService        : Audio file not found in DB or filesystem for message id=1: Audio file not found: 7bbaa0af-8c38-45dd-9172-1a100fe685e4.webm
2026-04-18T14:45:40.671+02:00 ERROR 24708 --- [HospitalManagementSystem] [http-nio-8899-exec-2] c.e.h.service.VoiceMessageService        : Audio file not found in DB or filesystem for message id=1: Audio file not found: 7bbaa0af-8c38-45dd-9172-1a100fe685e4.webm
2026-04-18T14:45:47.006+02:00  WARN 24708 --- [HospitalManagementSystem] [http-nio-8899-exec-3] ration$PageModule$WarningLoggingModifier : Serializing PageImpl instances as-is is not supported, meaning that there is no guarantee about the stability of the resulting JSON structure!
	For a stable JSON structure, please use Spring Data's PagedModel (globally via @EnableSpringDataWebSupport(pageSerializationMode = VIA_DTO))
	or Spring HATEOAS and Spring Data's PagedResourcesAssembler as documented in https://docs.spring.io/spring-data/commons/reference/repositories/core-extensions.html#core.web.pageables.

2026-04-18T15:17:49.425+02:00  WARN 24708 --- [HospitalManagementSystem] [HikariPool-1:housekeeper] com.zaxxer.hikari.pool.HikariPool        : HikariPool-1 - Thread starvation or clock leap detected (housekeeper delta=2m59s258ms192µs).
2026-04-18T15:39:01.637+02:00  INFO 24708 --- [HospitalManagementSystem] [SpringApplicationShutdownHook] o.s.b.w.e.tomcat.GracefulShutdown        : Commencing graceful shutdown. Waiting for active requests to complete
2026-04-18T15:39:01.683+02:00  INFO 24708 --- [HospitalManagementSystem] [tomcat-shutdown] o.s.b.w.e.tomcat.GracefulShutdown        : Graceful shutdown complete
2026-04-18T15:39:01.708+02:00  INFO 24708 --- [HospitalManagementSystem] [SpringApplicationShutdownHook] j.LocalContainerEntityManagerFactoryBean : Closing JPA EntityManagerFactory for persistence unit 'default'
2026-04-18T15:39:01.715+02:00  INFO 24708 --- [HospitalManagementSystem] [SpringApplicationShutdownHook] com.zaxxer.hikari.HikariDataSource       : HikariPool-1 - Shutdown initiated...
2026-04-18T15:39:01.737+02:00  INFO 24708 --- [HospitalManagementSystem] [SpringApplicationShutdownHook] com.zaxxer.hikari.HikariDataSource       : HikariPool-1 - Shutdown completed.
2026-04-18T15:39:14.797+02:00  INFO 22632 --- [HospitalManagementSystem] [main] c.e.h.HospitalManagementApplication      : Starting HospitalManagementApplication using Java 25.0.2 with PID 22632 (C:\Users\user\Desktop\Ap dodcument\HospitalManagementSystem_25612-main\target\classes started by user in C:\Users\user\Desktop\Ap dodcument\HospitalManagementSystem_25612-main)
2026-04-18T15:39:14.800+02:00  INFO 22632 --- [HospitalManagementSystem] [main] c.e.h.HospitalManagementApplication      : The following 1 profile is active: "postgres"
2026-04-18T15:39:16.513+02:00  INFO 22632 --- [HospitalManagementSystem] [main] .s.d.r.c.RepositoryConfigurationDelegate : Bootstrapping Spring Data JPA repositories in DEFAULT mode.
2026-04-18T15:39:16.664+02:00  INFO 22632 --- [HospitalManagementSystem] [main] .s.d.r.c.RepositoryConfigurationDelegate : Finished Spring Data repository scanning in 137 ms. Found 11 JPA repository interfaces.
2026-04-18T15:39:17.485+02:00  INFO 22632 --- [HospitalManagementSystem] [main] o.s.b.w.embedded.tomcat.TomcatWebServer  : Tomcat initialized with port 8899 (http)
2026-04-18T15:39:17.525+02:00  INFO 22632 --- [HospitalManagementSystem] [main] o.apache.catalina.core.StandardService   : Starting service [Tomcat]
2026-04-18T15:39:17.526+02:00  INFO 22632 --- [HospitalManagementSystem] [main] o.apache.catalina.core.StandardEngine    : Starting Servlet engine: [Apache Tomcat/10.1.50]
2026-04-18T15:39:17.619+02:00  INFO 22632 --- [HospitalManagementSystem] [main] o.a.c.c.C.[Tomcat].[localhost].[/]       : Initializing Spring embedded WebApplicationContext
2026-04-18T15:39:17.620+02:00  INFO 22632 --- [HospitalManagementSystem] [main] w.s.c.ServletWebServerApplicationContext : Root WebApplicationContext: initialization completed in 2719 ms
2026-04-18T15:39:18.105+02:00  INFO 22632 --- [HospitalManagementSystem] [main] com.zaxxer.hikari.HikariDataSource       : HikariPool-1 - Starting...
2026-04-18T15:39:18.381+02:00  INFO 22632 --- [HospitalManagementSystem] [main] com.zaxxer.hikari.pool.HikariPool        : HikariPool-1 - Added connection org.postgresql.jdbc.PgConnection@7ed8b44
2026-04-18T15:39:18.385+02:00  INFO 22632 --- [HospitalManagementSystem] [main] com.zaxxer.hikari.HikariDataSource       : HikariPool-1 - Start completed.
2026-04-18T15:39:18.438+02:00  INFO 22632 --- [HospitalManagementSystem] [main] org.flywaydb.core.FlywayExecutor         : Database: jdbc:postgresql://localhost:5432/hospital_db (PostgreSQL 17.7)
2026-04-18T15:39:18.571+02:00  INFO 22632 --- [HospitalManagementSystem] [main] o.f.core.internal.command.DbValidate     : Successfully validated 19 migrations (execution time 00:00.087s)
2026-04-18T15:39:18.595+02:00  INFO 22632 --- [HospitalManagementSystem] [main] o.f.core.internal.command.DbMigrate      : Current version of schema "public": 17
2026-04-18T15:39:18.620+02:00  INFO 22632 --- [HospitalManagementSystem] [main] o.f.core.internal.command.DbMigrate      : Migrating schema "public" to version "18 - relax location constraints"
2026-04-18T15:39:18.657+02:00  INFO 22632 --- [HospitalManagementSystem] [main] o.f.core.internal.command.DbMigrate      : Successfully applied 1 migration to schema "public", now at version v18 (execution time 00:00.017s)
2026-04-18T15:39:18.797+02:00  INFO 22632 --- [HospitalManagementSystem] [main] o.hibernate.jpa.internal.util.LogHelper  : HHH000204: Processing PersistenceUnitInfo [name: default]
2026-04-18T15:39:18.876+02:00  INFO 22632 --- [HospitalManagementSystem] [main] org.hibernate.Version                    : HHH000412: Hibernate ORM core version 6.6.39.Final
2026-04-18T15:39:18.927+02:00  INFO 22632 --- [HospitalManagementSystem] [main] o.h.c.internal.RegionFactoryInitiator    : HHH000026: Second-level cache disabled
2026-04-18T15:39:19.314+02:00  INFO 22632 --- [HospitalManagementSystem] [main] o.s.o.j.p.SpringPersistenceUnitInfo      : No LoadTimeWeaver setup: ignoring JPA class transformer
2026-04-18T15:39:19.412+02:00  WARN 22632 --- [HospitalManagementSystem] [main] org.hibernate.orm.deprecation            : HHH90000025: PostgreSQLDialect does not need to be specified explicitly using 'hibernate.dialect' (remove the property setting and it will be selected by default)
2026-04-18T15:39:19.430+02:00  INFO 22632 --- [HospitalManagementSystem] [main] org.hibernate.orm.connections.pooling    : HHH10001005: Database info:
	Database JDBC URL [Connecting through datasource 'HikariDataSource (HikariPool-1)']
	Database driver: undefined/unknown
	Database version: 17.7
	Autocommit mode: undefined/unknown
	Isolation level: undefined/unknown
	Minimum pool size: undefined/unknown
	Maximum pool size: undefined/unknown
2026-04-18T15:39:21.341+02:00  INFO 22632 --- [HospitalManagementSystem] [main] o.h.e.t.j.p.i.JtaPlatformInitiator       : HHH000489: No JTA platform available (set 'hibernate.transaction.jta.platform' to enable JTA platform integration)
2026-04-18T15:39:21.345+02:00  INFO 22632 --- [HospitalManagementSystem] [main] j.LocalContainerEntityManagerFactoryBean : Initialized JPA EntityManagerFactory for persistence unit 'default'
2026-04-18T15:39:21.696+02:00  INFO 22632 --- [HospitalManagementSystem] [main] o.s.d.j.r.query.QueryEnhancerFactory     : Hibernate is in classpath; If applicable, HQL parser will be used.
2026-04-18T15:39:25.254+02:00  INFO 22632 --- [HospitalManagementSystem] [main] o.s.b.a.e.web.EndpointLinksResolver      : Exposing 2 endpoints beneath base path '/actuator'
2026-04-18T15:39:25.350+02:00  INFO 22632 --- [HospitalManagementSystem] [main] eAuthenticationProviderManagerConfigurer : Global AuthenticationManager configured with AuthenticationProvider bean with name authenticationProvider
2026-04-18T15:39:25.353+02:00  WARN 22632 --- [HospitalManagementSystem] [main] r$InitializeUserDetailsManagerConfigurer : Global AuthenticationManager configured with an AuthenticationProvider bean. UserDetailsService beans will not be used by Spring Security for automatically configuring username/password login. Consider removing the AuthenticationProvider bean. Alternatively, consider using the UserDetailsService in a manually instantiated DaoAuthenticationProvider. If the current configuration is intentional, to turn off this warning, increase the logging level of 'org.springframework.security.config.annotation.authentication.configuration.InitializeUserDetailsBeanManagerConfigurer' to ERROR
2026-04-18T15:39:26.183+02:00  INFO 22632 --- [HospitalManagementSystem] [main] o.s.b.w.embedded.tomcat.TomcatWebServer  : Tomcat started on port 8899 (http) with context path '/'
2026-04-18T15:39:26.211+02:00  INFO 22632 --- [HospitalManagementSystem] [main] c.e.h.HospitalManagementApplication      : Started HospitalManagementApplication in 12.059 seconds (process running for 12.738)
2026-04-18T15:39:26.326+02:00  INFO 22632 --- [HospitalManagementSystem] [main] c.e.h.config.DemoDataInitializer         : Initializing demo data...
2026-04-18T15:39:26.536+02:00  INFO 22632 --- [HospitalManagementSystem] [main] c.e.h.config.DemoDataInitializer         : Demo data already exists, skipping...
2026-04-18T15:41:55.638+02:00  INFO 22632 --- [HospitalManagementSystem] [http-nio-8899-exec-2] o.a.c.c.C.[Tomcat].[localhost].[/]       : Initializing Spring DispatcherServlet 'dispatcherServlet'
2026-04-18T15:41:55.640+02:00  INFO 22632 --- [HospitalManagementSystem] [http-nio-8899-exec-2] o.s.web.servlet.DispatcherServlet        : Initializing Servlet 'dispatcherServlet'
2026-04-18T15:41:55.644+02:00  INFO 22632 --- [HospitalManagementSystem] [http-nio-8899-exec-2] o.s.web.servlet.DispatcherServlet        : Completed initialization in 3 ms
2026-04-18T15:42:15.719+02:00  WARN 22632 --- [HospitalManagementSystem] [http-nio-8899-exec-5] ration$PageModule$WarningLoggingModifier : Serializing PageImpl instances as-is is not supported, meaning that there is no guarantee about the stability of the resulting JSON structure!
	For a stable JSON structure, please use Spring Data's PagedModel (globally via @EnableSpringDataWebSupport(pageSerializationMode = VIA_DTO))
	or Spring HATEOAS and Spring Data's PagedResourcesAssembler as documented in https://docs.spring.io/spring-data/commons/reference/repositories/core-extensions.html#core.web.pageables.

2026-04-18T15:42:20.891+02:00  WARN 22632 --- [HospitalManagementSystem] [http-nio-8899-exec-6] o.h.engine.jdbc.spi.SqlExceptionHelper   : SQL Error: 0, SQLState: 42804
2026-04-18T15:42:20.893+02:00 ERROR 22632 --- [HospitalManagementSystem] [http-nio-8899-exec-6] o.h.engine.jdbc.spi.SqlExceptionHelper   : ERROR: column "data" is of type bytea but expression is of type bigint
  Hint: You will need to rewrite or cast the expression.
  Position: 66
2026-04-18T15:42:20.915+02:00  WARN 22632 --- [HospitalManagementSystem] [http-nio-8899-exec-6] c.e.h.service.VoiceMessageService        : Could not write audio to filesystem (ephemeral env), using DB storage only: could not execute statement [ERROR: column "data" is of type bytea but expression is of type bigint
  Hint: You will need to rewrite or cast the expression.
  Position: 66] [insert into stored_files (content_type,data,filename) values (?,?,?)]; SQL [insert into stored_files (content_type,data,filename) values (?,?,?)]
2026-04-18T15:42:20.922+02:00  WARN 22632 --- [HospitalManagementSystem] [http-nio-8899-exec-6] o.h.engine.jdbc.spi.SqlExceptionHelper   : SQL Error: 0, SQLState: 25P02
2026-04-18T15:42:20.926+02:00 ERROR 22632 --- [HospitalManagementSystem] [http-nio-8899-exec-6] o.h.engine.jdbc.spi.SqlExceptionHelper   : ERROR: current transaction is aborted, commands ignored until end of transaction block
2026-04-18T15:42:20.934+02:00 ERROR 22632 --- [HospitalManagementSystem] [http-nio-8899-exec-6] c.e.h.config.GlobalExceptionHandler      : Unhandled exception

org.springframework.orm.jpa.JpaSystemException: Unable to bind parameter #2 - [B@7905401e [ERROR: current transaction is aborted, commands ignored until end of transaction block] [n/a]
	at org.springframework.orm.jpa.vendor.HibernateJpaDialect.convertHibernateAccessException(HibernateJpaDialect.java:348) ~[spring-orm-6.2.15.jar:6.2.15]
	at org.springframework.orm.jpa.vendor.HibernateJpaDialect.convertHibernateAccessException(HibernateJpaDialect.java:256) ~[spring-orm-6.2.15.jar:6.2.15]
	at org.springframework.orm.jpa.vendor.HibernateJpaDialect.translateExceptionIfPossible(HibernateJpaDialect.java:241) ~[spring-orm-6.2.15.jar:6.2.15]
	at org.springframework.orm.jpa.AbstractEntityManagerFactoryBean.translateExceptionIfPossible(AbstractEntityManagerFactoryBean.java:560) ~[spring-orm-6.2.15.jar:6.2.15]
	at org.springframework.dao.support.ChainedPersistenceExceptionTranslator.translateExceptionIfPossible(ChainedPersistenceExceptionTranslator.java:61) ~[spring-tx-6.2.15.jar:6.2.15]
	at org.springframework.dao.support.DataAccessUtils.translateIfNecessary(DataAccessUtils.java:343) ~[spring-tx-6.2.15.jar:6.2.15]
	at org.springframework.dao.support.PersistenceExceptionTranslationInterceptor.invoke(PersistenceExceptionTranslationInterceptor.java:160) ~[spring-tx-6.2.15.jar:6.2.15]
	at org.springframework.aop.framework.ReflectiveMethodInvocation.proceed(ReflectiveMethodInvocation.java:184) ~[spring-aop-6.2.15.jar:6.2.15]
	at org.springframework.data.jpa.repository.support.CrudMethodMetadataPostProcessor$CrudMethodMetadataPopulatingMethodInterceptor.invoke(CrudMethodMetadataPostProcessor.java:165) ~[spring-data-jpa-3.5.7.jar:3.5.7]
	at org.springframework.aop.framework.ReflectiveMethodInvocation.proceed(ReflectiveMethodInvocation.java:184) ~[spring-aop-6.2.15.jar:6.2.15]
	at org.springframework.aop.framework.JdkDynamicAopProxy.invoke(JdkDynamicAopProxy.java:223) ~[spring-aop-6.2.15.jar:6.2.15]
	at jdk.proxy2/jdk.proxy2.$Proxy197.save(Unknown Source) ~[na:na]
	at com.example.hospitalmanagement.service.VoiceMessageService.sendVoiceMessage(VoiceMessageService.java:74) ~[classes/:na]
	at java.base/jdk.internal.reflect.DirectMethodHandleAccessor.invoke(DirectMethodHandleAccessor.java:104) ~[na:na]
	at java.base/java.lang.reflect.Method.invoke(Method.java:565) ~[na:na]
	at org.springframework.aop.support.AopUtils.invokeJoinpointUsingReflection(AopUtils.java:360) ~[spring-aop-6.2.15.jar:6.2.15]
	at org.springframework.aop.framework.ReflectiveMethodInvocation.invokeJoinpoint(ReflectiveMethodInvocation.java:196) ~[spring-aop-6.2.15.jar:6.2.15]
	at org.springframework.aop.framework.ReflectiveMethodInvocation.proceed(ReflectiveMethodInvocation.java:163) ~[spring-aop-6.2.15.jar:6.2.15]
	at org.springframework.transaction.interceptor.TransactionAspectSupport.invokeWithinTransaction(TransactionAspectSupport.java:380) ~[spring-tx-6.2.15.jar:6.2.15]
	at org.springframework.transaction.interceptor.TransactionInterceptor.invoke(TransactionInterceptor.java:119) ~[spring-tx-6.2.15.jar:6.2.15]
	at org.springframework.aop.framework.ReflectiveMethodInvocation.proceed(ReflectiveMethodInvocation.java:184) ~[spring-aop-6.2.15.jar:6.2.15]
	at org.springframework.aop.framework.CglibAopProxy$DynamicAdvisedInterceptor.intercept(CglibAopProxy.java:728) ~[spring-aop-6.2.15.jar:6.2.15]
	at com.example.hospitalmanagement.service.VoiceMessageService$$SpringCGLIB$$0.sendVoiceMessage(<generated>) ~[classes/:na]
	at com.example.hospitalmanagement.controller.VoiceMessageController.sendVoiceMessage(VoiceMessageController.java:35) ~[classes/:na]
	at java.base/jdk.internal.reflect.DirectMethodHandleAccessor.invoke(DirectMethodHandleAccessor.java:104) ~[na:na]
	at java.base/java.lang.reflect.Method.invoke(Method.java:565) ~[na:na]
	at org.springframework.aop.support.AopUtils.invokeJoinpointUsingReflection(AopUtils.java:360) ~[spring-aop-6.2.15.jar:6.2.15]
	at org.springframework.aop.framework.ReflectiveMethodInvocation.invokeJoinpoint(ReflectiveMethodInvocation.java:196) ~[spring-aop-6.2.15.jar:6.2.15]
	at org.springframework.aop.framework.ReflectiveMethodInvocation.proceed(ReflectiveMethodInvocation.java:163) ~[spring-aop-6.2.15.jar:6.2.15]
	at org.springframework.transaction.interceptor.TransactionAspectSupport.invokeWithinTransaction(TransactionAspectSupport.java:380) ~[spring-tx-6.2.15.jar:6.2.15]
	at org.springframework.transaction.interceptor.TransactionInterceptor.invoke(TransactionInterceptor.java:119) ~[spring-tx-6.2.15.jar:6.2.15]
	at org.springframework.aop.framework.ReflectiveMethodInvocation.proceed(ReflectiveMethodInvocation.java:184) ~[spring-aop-6.2.15.jar:6.2.15]
	at org.springframework.aop.framework.CglibAopProxy$DynamicAdvisedInterceptor.intercept(CglibAopProxy.java:728) ~[spring-aop-6.2.15.jar:6.2.15]
	at com.example.hospitalmanagement.controller.VoiceMessageController$$SpringCGLIB$$0.sendVoiceMessage(<generated>) ~[classes/:na]
	at java.base/jdk.internal.reflect.DirectMethodHandleAccessor.invoke(DirectMethodHandleAccessor.java:104) ~[na:na]
	at java.base/java.lang.reflect.Method.invoke(Method.java:565) ~[na:na]
	at org.springframework.web.method.support.InvocableHandlerMethod.doInvoke(InvocableHandlerMethod.java:258) ~[spring-web-6.2.15.jar:6.2.15]
	at org.springframework.web.method.support.InvocableHandlerMethod.invokeForRequest(InvocableHandlerMethod.java:191) ~[spring-web-6.2.15.jar:6.2.15]
	at org.springframework.web.servlet.mvc.method.annotation.ServletInvocableHandlerMethod.invokeAndHandle(ServletInvocableHandlerMethod.java:118) ~[spring-webmvc-6.2.15.jar:6.2.15]
	at org.springframework.web.servlet.mvc.method.annotation.RequestMappingHandlerAdapter.invokeHandlerMethod(RequestMappingHandlerAdapter.java:991) ~[spring-webmvc-6.2.15.jar:6.2.15]
	at org.springframework.web.servlet.mvc.method.annotation.RequestMappingHandlerAdapter.handleInternal(RequestMappingHandlerAdapter.java:896) ~[spring-webmvc-6.2.15.jar:6.2.15]
	at org.springframework.web.servlet.mvc.method.AbstractHandlerMethodAdapter.handle(AbstractHandlerMethodAdapter.java:87) ~[spring-webmvc-6.2.15.jar:6.2.15]
	at org.springframework.web.servlet.DispatcherServlet.doDispatch(DispatcherServlet.java:1089) ~[spring-webmvc-6.2.15.jar:6.2.15]
	at org.springframework.web.servlet.DispatcherServlet.doService(DispatcherServlet.java:979) ~[spring-webmvc-6.2.15.jar:6.2.15]
	at org.springframework.web.servlet.FrameworkServlet.processRequest(FrameworkServlet.java:1014) ~[spring-webmvc-6.2.15.jar:6.2.15]
	at org.springframework.web.servlet.FrameworkServlet.doPost(FrameworkServlet.java:914) ~[spring-webmvc-6.2.15.jar:6.2.15]
	at jakarta.servlet.http.HttpServlet.service(HttpServlet.java:590) ~[tomcat-embed-core-10.1.50.jar:6.0]
	at org.springframework.web.servlet.FrameworkServlet.service(FrameworkServlet.java:885) ~[spring-webmvc-6.2.15.jar:6.2.15]
	at jakarta.servlet.http.HttpServlet.service(HttpServlet.java:658) ~[tomcat-embed-core-10.1.50.jar:6.0]
	at org.apache.catalina.core.ApplicationFilterChain.internalDoFilter(ApplicationFilterChain.java:193) ~[tomcat-embed-core-10.1.50.jar:10.1.50]
	at org.apache.catalina.core.ApplicationFilterChain.doFilter(ApplicationFilterChain.java:138) ~[tomcat-embed-core-10.1.50.jar:10.1.50]
	at org.apache.tomcat.websocket.server.WsFilter.doFilter(WsFilter.java:51) ~[tomcat-embed-websocket-10.1.50.jar:10.1.50]
	at org.apache.catalina.core.ApplicationFilterChain.internalDoFilter(ApplicationFilterChain.java:162) ~[tomcat-embed-core-10.1.50.jar:10.1.50]
	at org.apache.catalina.core.ApplicationFilterChain.doFilter(ApplicationFilterChain.java:138) ~[tomcat-embed-core-10.1.50.jar:10.1.50]
	at org.springframework.web.filter.OncePerRequestFilter.doFilter(OncePerRequestFilter.java:110) ~[spring-web-6.2.15.jar:6.2.15]
	at org.apache.catalina.core.ApplicationFilterChain.internalDoFilter(ApplicationFilterChain.java:162) ~[tomcat-embed-core-10.1.50.jar:10.1.50]
	at org.apache.catalina.core.ApplicationFilterChain.doFilter(ApplicationFilterChain.java:138) ~[tomcat-embed-core-10.1.50.jar:10.1.50]
	at org.springframework.web.filter.CompositeFilter$VirtualFilterChain.doFilter(CompositeFilter.java:108) ~[spring-web-6.2.15.jar:6.2.15]
	at org.springframework.web.filter.CompositeFilter$VirtualFilterChain.doFilter(CompositeFilter.java:108) ~[spring-web-6.2.15.jar:6.2.15]
	at org.springframework.security.web.FilterChainProxy.lambda$doFilterInternal$3(FilterChainProxy.java:231) ~[spring-security-web-6.5.7.jar:6.5.7]
	at org.springframework.security.web.ObservationFilterChainDecorator$FilterObservation$SimpleFilterObservation.lambda$wrap$1(ObservationFilterChainDecorator.java:490) ~[spring-security-web-6.5.7.jar:6.5.7]
	at org.springframework.security.web.ObservationFilterChainDecorator$AroundFilterObservation$SimpleAroundFilterObservation.lambda$wrap$1(ObservationFilterChainDecorator.java:351) ~[spring-security-web-6.5.7.jar:6.5.7]
	at org.springframework.security.web.ObservationFilterChainDecorator.lambda$wrapSecured$0(ObservationFilterChainDecorator.java:83) ~[spring-security-web-6.5.7.jar:6.5.7]
	at org.springframework.security.web.ObservationFilterChainDecorator$VirtualFilterChain.doFilter(ObservationFilterChainDecorator.java:129) ~[spring-security-web-6.5.7.jar:6.5.7]
	at org.springframework.security.web.access.intercept.AuthorizationFilter.doFilter(AuthorizationFilter.java:101) ~[spring-security-web-6.5.7.jar:6.5.7]
	at org.springframework.security.web.ObservationFilterChainDecorator$ObservationFilter.wrapFilter(ObservationFilterChainDecorator.java:241) ~[spring-security-web-6.5.7.jar:6.5.7]
	at org.springframework.security.web.ObservationFilterChainDecorator$ObservationFilter.doFilter(ObservationFilterChainDecorator.java:228) ~[spring-security-web-6.5.7.jar:6.5.7]
	at org.springframework.security.web.ObservationFilterChainDecorator$VirtualFilterChain.doFilter(ObservationFilterChainDecorator.java:138) ~[spring-security-web-6.5.7.jar:6.5.7]
	at org.springframework.security.web.access.ExceptionTranslationFilter.doFilter(ExceptionTranslationFilter.java:125) ~[spring-security-web-6.5.7.jar:6.5.7]
	at org.springframework.security.web.access.ExceptionTranslationFilter.doFilter(ExceptionTranslationFilter.java:119) ~[spring-security-web-6.5.7.jar:6.5.7]
	at org.springframework.security.web.ObservationFilterChainDecorator$ObservationFilter.wrapFilter(ObservationFilterChainDecorator.java:241) ~[spring-security-web-6.5.7.jar:6.5.7]
	at org.springframework.security.web.ObservationFilterChainDecorator$ObservationFilter.doFilter(ObservationFilterChainDecorator.java:228) ~[spring-security-web-6.5.7.jar:6.5.7]
	at org.springframework.security.web.ObservationFilterChainDecorator$VirtualFilterChain.doFilter(ObservationFilterChainDecorator.java:138) ~[spring-security-web-6.5.7.jar:6.5.7]
	at org.springframework.security.web.session.SessionManagementFilter.doFilter(SessionManagementFilter.java:131) ~[spring-security-web-6.5.7.jar:6.5.7]
	at org.springframework.security.web.session.SessionManagementFilter.doFilter(SessionManagementFilter.java:85) ~[spring-security-web-6.5.7.jar:6.5.7]
	at org.springframework.security.web.ObservationFilterChainDecorator$ObservationFilter.wrapFilter(ObservationFilterChainDecorator.java:241) ~[spring-security-web-6.5.7.jar:6.5.7]
	at org.springframework.security.web.ObservationFilterChainDecorator$ObservationFilter.doFilter(ObservationFilterChainDecorator.java:228) ~[spring-security-web-6.5.7.jar:6.5.7]
	at org.springframework.security.web.ObservationFilterChainDecorator$VirtualFilterChain.doFilter(ObservationFilterChainDecorator.java:138) ~[spring-security-web-6.5.7.jar:6.5.7]
	at org.springframework.security.web.authentication.AnonymousAuthenticationFilter.doFilter(AnonymousAuthenticationFilter.java:100) ~[spring-security-web-6.5.7.jar:6.5.7]
	at org.springframework.security.web.ObservationFilterChainDecorator$ObservationFilter.wrapFilter(ObservationFilterChainDecorator.java:241) ~[spring-security-web-6.5.7.jar:6.5.7]
	at org.springframework.security.web.ObservationFilterChainDecorator$ObservationFilter.doFilter(ObservationFilterChainDecorator.java:228) ~[spring-security-web-6.5.7.jar:6.5.7]
	at org.springframework.security.web.ObservationFilterChainDecorator$VirtualFilterChain.doFilter(ObservationFilterChainDecorator.java:138) ~[spring-security-web-6.5.7.jar:6.5.7]
	at org.springframework.security.web.servletapi.SecurityContextHolderAwareRequestFilter.doFilter(SecurityContextHolderAwareRequestFilter.java:179) ~[spring-security-web-6.5.7.jar:6.5.7]
	at org.springframework.security.web.ObservationFilterChainDecorator$ObservationFilter.wrapFilter(ObservationFilterChainDecorator.java:241) ~[spring-security-web-6.5.7.jar:6.5.7]
	at org.springframework.security.web.ObservationFilterChainDecorator$ObservationFilter.doFilter(ObservationFilterChainDecorator.java:228) ~[spring-security-web-6.5.7.jar:6.5.7]
	at org.springframework.security.web.ObservationFilterChainDecorator$VirtualFilterChain.doFilter(ObservationFilterChainDecorator.java:138) ~[spring-security-web-6.5.7.jar:6.5.7]
	at org.springframework.security.web.savedrequest.RequestCacheAwareFilter.doFilter(RequestCacheAwareFilter.java:63) ~[spring-security-web-6.5.7.jar:6.5.7]
	at org.springframework.security.web.ObservationFilterChainDecorator$ObservationFilter.wrapFilter(ObservationFilterChainDecorator.java:241) ~[spring-security-web-6.5.7.jar:6.5.7]
	at org.springframework.security.web.ObservationFilterChainDecorator$ObservationFilter.doFilter(ObservationFilterChainDecorator.java:228) ~[spring-security-web-6.5.7.jar:6.5.7]
	at org.springframework.security.web.ObservationFilterChainDecorator$VirtualFilterChain.doFilter(ObservationFilterChainDecorator.java:138) ~[spring-security-web-6.5.7.jar:6.5.7]
	at com.example.hospitalmanagement.security.JwtAuthenticationFilter.doFilterInternal(JwtAuthenticationFilter.java:52) ~[classes/:na]
	at org.springframework.web.filter.OncePerRequestFilter.doFilter(OncePerRequestFilter.java:116) ~[spring-web-6.2.15.jar:6.2.15]
	at org.springframework.security.web.ObservationFilterChainDecorator$ObservationFilter.wrapFilter(ObservationFilterChainDecorator.java:241) ~[spring-security-web-6.5.7.jar:6.5.7]
	at org.springframework.security.web.ObservationFilterChainDecorator$ObservationFilter.doFilter(ObservationFilterChainDecorator.java:228) ~[spring-security-web-6.5.7.jar:6.5.7]
	at org.springframework.security.web.ObservationFilterChainDecorator$VirtualFilterChain.doFilter(ObservationFilterChainDecorator.java:138) ~[spring-security-web-6.5.7.jar:6.5.7]
	at org.springframework.security.web.authentication.logout.LogoutFilter.doFilter(LogoutFilter.java:107) ~[spring-security-web-6.5.7.jar:6.5.7]
	at org.springframework.security.web.authentication.logout.LogoutFilter.doFilter(LogoutFilter.java:93) ~[spring-security-web-6.5.7.jar:6.5.7]
	at org.springframework.security.web.ObservationFilterChainDecorator$ObservationFilter.wrapFilter(ObservationFilterChainDecorator.java:241) ~[spring-security-web-6.5.7.jar:6.5.7]
	at org.springframework.security.web.ObservationFilterChainDecorator$ObservationFilter.doFilter(ObservationFilterChainDecorator.java:228) ~[spring-security-web-6.5.7.jar:6.5.7]
	at org.springframework.security.web.ObservationFilterChainDecorator$VirtualFilterChain.doFilter(ObservationFilterChainDecorator.java:138) ~[spring-security-web-6.5.7.jar:6.5.7]
	at org.springframework.web.filter.CorsFilter.doFilterInternal(CorsFilter.java:91) ~[spring-web-6.2.15.jar:6.2.15]
	at org.springframework.web.filter.OncePerRequestFilter.doFilter(OncePerRequestFilter.java:116) ~[spring-web-6.2.15.jar:6.2.15]
	at org.springframework.security.web.ObservationFilterChainDecorator$ObservationFilter.wrapFilter(ObservationFilterChainDecorator.java:241) ~[spring-security-web-6.5.7.jar:6.5.7]
	at org.springframework.security.web.ObservationFilterChainDecorator$ObservationFilter.doFilter(ObservationFilterChainDecorator.java:228) ~[spring-security-web-6.5.7.jar:6.5.7]
	at org.springframework.security.web.ObservationFilterChainDecorator$VirtualFilterChain.doFilter(ObservationFilterChainDecorator.java:138) ~[spring-security-web-6.5.7.jar:6.5.7]
	at org.springframework.security.web.header.HeaderWriterFilter.doHeadersAfter(HeaderWriterFilter.java:90) ~[spring-security-web-6.5.7.jar:6.5.7]
	at org.springframework.security.web.header.HeaderWriterFilter.doFilterInternal(HeaderWriterFilter.java:75) ~[spring-security-web-6.5.7.jar:6.5.7]
	at org.springframework.web.filter.OncePerRequestFilter.doFilter(OncePerRequestFilter.java:116) ~[spring-web-6.2.15.jar:6.2.15]
	at org.springframework.security.web.ObservationFilterChainDecorator$ObservationFilter.wrapFilter(ObservationFilterChainDecorator.java:241) ~[spring-security-web-6.5.7.jar:6.5.7]
	at org.springframework.security.web.ObservationFilterChainDecorator$ObservationFilter.doFilter(ObservationFilterChainDecorator.java:228) ~[spring-security-web-6.5.7.jar:6.5.7]
	at org.springframework.security.web.ObservationFilterChainDecorator$VirtualFilterChain.doFilter(ObservationFilterChainDecorator.java:138) ~[spring-security-web-6.5.7.jar:6.5.7]
	at org.springframework.security.web.context.SecurityContextHolderFilter.doFilter(SecurityContextHolderFilter.java:82) ~[spring-security-web-6.5.7.jar:6.5.7]
	at org.springframework.security.web.context.SecurityContextHolderFilter.doFilter(SecurityContextHolderFilter.java:69) ~[spring-security-web-6.5.7.jar:6.5.7]
	at org.springframework.security.web.ObservationFilterChainDecorator$ObservationFilter.wrapFilter(ObservationFilterChainDecorator.java:241) ~[spring-security-web-6.5.7.jar:6.5.7]
	at org.springframework.security.web.ObservationFilterChainDecorator$ObservationFilter.doFilter(ObservationFilterChainDecorator.java:228) ~[spring-security-web-6.5.7.jar:6.5.7]
	at org.springframework.security.web.ObservationFilterChainDecorator$VirtualFilterChain.doFilter(ObservationFilterChainDecorator.java:138) ~[spring-security-web-6.5.7.jar:6.5.7]
	at org.springframework.security.web.context.request.async.WebAsyncManagerIntegrationFilter.doFilterInternal(WebAsyncManagerIntegrationFilter.java:62) ~[spring-security-web-6.5.7.jar:6.5.7]
	at org.springframework.web.filter.OncePerRequestFilter.doFilter(OncePerRequestFilter.java:116) ~[spring-web-6.2.15.jar:6.2.15]
	at org.springframework.security.web.ObservationFilterChainDecorator$ObservationFilter.wrapFilter(ObservationFilterChainDecorator.java:241) ~[spring-security-web-6.5.7.jar:6.5.7]
	at org.springframework.security.web.ObservationFilterChainDecorator$ObservationFilter.doFilter(ObservationFilterChainDecorator.java:228) ~[spring-security-web-6.5.7.jar:6.5.7]
	at org.springframework.security.web.ObservationFilterChainDecorator$VirtualFilterChain.doFilter(ObservationFilterChainDecorator.java:138) ~[spring-security-web-6.5.7.jar:6.5.7]
	at org.springframework.security.web.session.DisableEncodeUrlFilter.doFilterInternal(DisableEncodeUrlFilter.java:42) ~[spring-security-web-6.5.7.jar:6.5.7]
	at org.springframework.web.filter.OncePerRequestFilter.doFilter(OncePerRequestFilter.java:116) ~[spring-web-6.2.15.jar:6.2.15]
	at org.springframework.security.web.ObservationFilterChainDecorator$ObservationFilter.wrapFilter(ObservationFilterChainDecorator.java:241) ~[spring-security-web-6.5.7.jar:6.5.7]
	at org.springframework.security.web.ObservationFilterChainDecorator$AroundFilterObservation$SimpleAroundFilterObservation.lambda$wrap$0(ObservationFilterChainDecorator.java:334) ~[spring-security-web-6.5.7.jar:6.5.7]
	at org.springframework.security.web.ObservationFilterChainDecorator$ObservationFilter.doFilter(ObservationFilterChainDecorator.java:225) ~[spring-security-web-6.5.7.jar:6.5.7]
	at org.springframework.security.web.ObservationFilterChainDecorator$VirtualFilterChain.doFilter(ObservationFilterChainDecorator.java:138) ~[spring-security-web-6.5.7.jar:6.5.7]
	at org.springframework.security.web.FilterChainProxy.doFilterInternal(FilterChainProxy.java:233) ~[spring-security-web-6.5.7.jar:6.5.7]
	at org.springframework.security.web.FilterChainProxy.doFilter(FilterChainProxy.java:191) ~[spring-security-web-6.5.7.jar:6.5.7]
	at org.springframework.web.filter.CompositeFilter$VirtualFilterChain.doFilter(CompositeFilter.java:113) ~[spring-web-6.2.15.jar:6.2.15]
	at org.springframework.web.filter.ServletRequestPathFilter.doFilter(ServletRequestPathFilter.java:52) ~[spring-web-6.2.15.jar:6.2.15]
	at org.springframework.web.filter.CompositeFilter$VirtualFilterChain.doFilter(CompositeFilter.java:113) ~[spring-web-6.2.15.jar:6.2.15]
	at org.springframework.web.filter.CompositeFilter.doFilter(CompositeFilter.java:74) ~[spring-web-6.2.15.jar:6.2.15]
	at org.springframework.security.config.annotation.web.configuration.WebSecurityConfiguration$CompositeFilterChainProxy.doFilter(WebSecurityConfiguration.java:319) ~[spring-security-config-6.5.7.jar:6.5.7]
	at org.springframework.web.filter.CompositeFilter$VirtualFilterChain.doFilter(CompositeFilter.java:113) ~[spring-web-6.2.15.jar:6.2.15]
	at org.springframework.web.servlet.handler.HandlerMappingIntrospector.lambda$createCacheFilter$4(HandlerMappingIntrospector.java:267) ~[spring-webmvc-6.2.15.jar:6.2.15]
	at org.springframework.web.filter.CompositeFilter$VirtualFilterChain.doFilter(CompositeFilter.java:113) ~[spring-web-6.2.15.jar:6.2.15]
	at org.springframework.web.filter.CompositeFilter.doFilter(CompositeFilter.java:74) ~[spring-web-6.2.15.jar:6.2.15]
	at org.springframework.security.config.annotation.web.configuration.WebMvcSecurityConfiguration$CompositeFilterChainProxy.doFilter(WebMvcSecurityConfiguration.java:240) ~[spring-security-config-6.5.7.jar:6.5.7]
	at org.springframework.web.filter.DelegatingFilterProxy.invokeDelegate(DelegatingFilterProxy.java:362) ~[spring-web-6.2.15.jar:6.2.15]
	at org.springframework.web.filter.DelegatingFilterProxy.doFilter(DelegatingFilterProxy.java:278) ~[spring-web-6.2.15.jar:6.2.15]
	at org.apache.catalina.core.ApplicationFilterChain.internalDoFilter(ApplicationFilterChain.java:162) ~[tomcat-embed-core-10.1.50.jar:10.1.50]
	at org.apache.catalina.core.ApplicationFilterChain.doFilter(ApplicationFilterChain.java:138) ~[tomcat-embed-core-10.1.50.jar:10.1.50]
	at org.springframework.web.filter.RequestContextFilter.doFilterInternal(RequestContextFilter.java:100) ~[spring-web-6.2.15.jar:6.2.15]
	at org.springframework.web.filter.OncePerRequestFilter.doFilter(OncePerRequestFilter.java:116) ~[spring-web-6.2.15.jar:6.2.15]
	at org.apache.catalina.core.ApplicationFilterChain.internalDoFilter(ApplicationFilterChain.java:162) ~[tomcat-embed-core-10.1.50.jar:10.1.50]
	at org.apache.catalina.core.ApplicationFilterChain.doFilter(ApplicationFilterChain.java:138) ~[tomcat-embed-core-10.1.50.jar:10.1.50]
	at org.springframework.web.filter.FormContentFilter.doFilterInternal(FormContentFilter.java:93) ~[spring-web-6.2.15.jar:6.2.15]
	at org.springframework.web.filter.OncePerRequestFilter.doFilter(OncePerRequestFilter.java:116) ~[spring-web-6.2.15.jar:6.2.15]
	at org.apache.catalina.core.ApplicationFilterChain.internalDoFilter(ApplicationFilterChain.java:162) ~[tomcat-embed-core-10.1.50.jar:10.1.50]
	at org.apache.catalina.core.ApplicationFilterChain.doFilter(ApplicationFilterChain.java:138) ~[tomcat-embed-core-10.1.50.jar:10.1.50]
	at org.springframework.web.filter.ServerHttpObservationFilter.doFilterInternal(ServerHttpObservationFilter.java:110) ~[spring-web-6.2.15.jar:6.2.15]
	at org.springframework.web.filter.OncePerRequestFilter.doFilter(OncePerRequestFilter.java:116) ~[spring-web-6.2.15.jar:6.2.15]
	at org.apache.catalina.core.ApplicationFilterChain.internalDoFilter(ApplicationFilterChain.java:162) ~[tomcat-embed-core-10.1.50.jar:10.1.50]
	at org.apache.catalina.core.ApplicationFilterChain.doFilter(ApplicationFilterChain.java:138) ~[tomcat-embed-core-10.1.50.jar:10.1.50]
	at org.springframework.web.filter.CharacterEncodingFilter.doFilterInternal(CharacterEncodingFilter.java:201) ~[spring-web-6.2.15.jar:6.2.15]
	at org.springframework.web.filter.OncePerRequestFilter.doFilter(OncePerRequestFilter.java:116) ~[spring-web-6.2.15.jar:6.2.15]
	at org.apache.catalina.core.ApplicationFilterChain.internalDoFilter(ApplicationFilterChain.java:162) ~[tomcat-embed-core-10.1.50.jar:10.1.50]
	at org.apache.catalina.core.ApplicationFilterChain.doFilter(ApplicationFilterChain.java:138) ~[tomcat-embed-core-10.1.50.jar:10.1.50]
	at org.apache.catalina.core.StandardWrapperValve.invoke(StandardWrapperValve.java:165) ~[tomcat-embed-core-10.1.50.jar:10.1.50]
	at org.apache.catalina.core.StandardContextValve.invoke(StandardContextValve.java:88) ~[tomcat-embed-core-10.1.50.jar:10.1.50]
	at org.apache.catalina.authenticator.AuthenticatorBase.invoke(AuthenticatorBase.java:482) ~[tomcat-embed-core-10.1.50.jar:10.1.50]
	at org.apache.catalina.core.StandardHostValve.invoke(StandardHostValve.java:113) ~[tomcat-embed-core-10.1.50.jar:10.1.50]
	at org.apache.catalina.valves.ErrorReportValve.invoke(ErrorReportValve.java:83) ~[tomcat-embed-core-10.1.50.jar:10.1.50]
	at org.apache.catalina.core.StandardEngineValve.invoke(StandardEngineValve.java:72) ~[tomcat-embed-core-10.1.50.jar:10.1.50]
	at org.apache.catalina.connector.CoyoteAdapter.service(CoyoteAdapter.java:342) ~[tomcat-embed-core-10.1.50.jar:10.1.50]
	at org.apache.coyote.http11.Http11Processor.service(Http11Processor.java:399) ~[tomcat-embed-core-10.1.50.jar:10.1.50]
	at org.apache.coyote.AbstractProcessorLight.process(AbstractProcessorLight.java:63) ~[tomcat-embed-core-10.1.50.jar:10.1.50]
	at org.apache.coyote.AbstractProtocol$ConnectionHandler.process(AbstractProtocol.java:903) ~[tomcat-embed-core-10.1.50.jar:10.1.50]
	at org.apache.tomcat.util.net.NioEndpoint$SocketProcessor.doRun(NioEndpoint.java:1774) ~[tomcat-embed-core-10.1.50.jar:10.1.50]
	at org.apache.tomcat.util.net.SocketProcessorBase.run(SocketProcessorBase.java:52) ~[tomcat-embed-core-10.1.50.jar:10.1.50]
	at org.apache.tomcat.util.threads.ThreadPoolExecutor.runWorker(ThreadPoolExecutor.java:973) ~[tomcat-embed-core-10.1.50.jar:10.1.50]
	at org.apache.tomcat.util.threads.ThreadPoolExecutor$Worker.run(ThreadPoolExecutor.java:491) ~[tomcat-embed-core-10.1.50.jar:10.1.50]
	at org.apache.tomcat.util.threads.TaskThread$WrappingRunnable.run(TaskThread.java:63) ~[tomcat-embed-core-10.1.50.jar:10.1.50]
	at java.base/java.lang.Thread.run(Thread.java:1474) ~[na:na]
Caused by: org.hibernate.exception.GenericJDBCException: Unable to bind parameter #2 - [B@7905401e [ERROR: current transaction is aborted, commands ignored until end of transaction block] [n/a]
	at org.hibernate.exception.internal.StandardSQLExceptionConverter.convert(StandardSQLExceptionConverter.java:63) ~[hibernate-core-6.6.39.Final.jar:6.6.39.Final]
	at org.hibernate.engine.jdbc.spi.SqlExceptionHelper.convert(SqlExceptionHelper.java:108) ~[hibernate-core-6.6.39.Final.jar:6.6.39.Final]
	at org.hibernate.engine.jdbc.spi.SqlExceptionHelper.convert(SqlExceptionHelper.java:94) ~[hibernate-core-6.6.39.Final.jar:6.6.39.Final]
	at org.hibernate.engine.jdbc.mutation.internal.JdbcValueBindingsImpl.lambda$beforeStatement$0(JdbcValueBindingsImpl.java:95) ~[hibernate-core-6.6.39.Final.jar:6.6.39.Final]
	at java.base/java.lang.Iterable.forEach(Iterable.java:75) ~[na:na]
	at org.hibernate.engine.jdbc.mutation.spi.BindingGroup.forEachBinding(BindingGroup.java:51) ~[hibernate-core-6.6.39.Final.jar:6.6.39.Final]
	at org.hibernate.engine.jdbc.mutation.internal.JdbcValueBindingsImpl.beforeStatement(JdbcValueBindingsImpl.java:85) ~[hibernate-core-6.6.39.Final.jar:6.6.39.Final]
	at org.hibernate.id.insert.GetGeneratedKeysDelegate.performMutation(GetGeneratedKeysDelegate.java:114) ~[hibernate-core-6.6.39.Final.jar:6.6.39.Final]
	at org.hibernate.engine.jdbc.mutation.internal.MutationExecutorSingleNonBatched.performNonBatchedOperations(MutationExecutorSingleNonBatched.java:47) ~[hibernate-core-6.6.39.Final.jar:6.6.39.Final]
	at org.hibernate.engine.jdbc.mutation.internal.AbstractMutationExecutor.execute(AbstractMutationExecutor.java:55) ~[hibernate-core-6.6.39.Final.jar:6.6.39.Final]
	at org.hibernate.persister.entity.mutation.InsertCoordinatorStandard.doStaticInserts(InsertCoordinatorStandard.java:194) ~[hibernate-core-6.6.39.Final.jar:6.6.39.Final]
	at org.hibernate.persister.entity.mutation.InsertCoordinatorStandard.coordinateInsert(InsertCoordinatorStandard.java:132) ~[hibernate-core-6.6.39.Final.jar:6.6.39.Final]
	at org.hibernate.persister.entity.mutation.InsertCoordinatorStandard.insert(InsertCoordinatorStandard.java:95) ~[hibernate-core-6.6.39.Final.jar:6.6.39.Final]
	at org.hibernate.action.internal.EntityIdentityInsertAction.execute(EntityIdentityInsertAction.java:85) ~[hibernate-core-6.6.39.Final.jar:6.6.39.Final]
	at org.hibernate.engine.spi.ActionQueue.execute(ActionQueue.java:682) ~[hibernate-core-6.6.39.Final.jar:6.6.39.Final]
	at org.hibernate.engine.spi.ActionQueue.addResolvedEntityInsertAction(ActionQueue.java:293) ~[hibernate-core-6.6.39.Final.jar:6.6.39.Final]
	at org.hibernate.engine.spi.ActionQueue.addInsertAction(ActionQueue.java:274) ~[hibernate-core-6.6.39.Final.jar:6.6.39.Final]
	at org.hibernate.engine.spi.ActionQueue.addAction(ActionQueue.java:324) ~[hibernate-core-6.6.39.Final.jar:6.6.39.Final]
	at org.hibernate.event.internal.AbstractSaveEventListener.addInsertAction(AbstractSaveEventListener.java:394) ~[hibernate-core-6.6.39.Final.jar:6.6.39.Final]
	at org.hibernate.event.internal.AbstractSaveEventListener.performSaveOrReplicate(AbstractSaveEventListener.java:308) ~[hibernate-core-6.6.39.Final.jar:6.6.39.Final]
	at org.hibernate.event.internal.AbstractSaveEventListener.performSave(AbstractSaveEventListener.java:224) ~[hibernate-core-6.6.39.Final.jar:6.6.39.Final]
	at org.hibernate.event.internal.AbstractSaveEventListener.saveWithGeneratedId(AbstractSaveEventListener.java:136) ~[hibernate-core-6.6.39.Final.jar:6.6.39.Final]
	at org.hibernate.event.internal.DefaultPersistEventListener.entityIsTransient(DefaultPersistEventListener.java:177) ~[hibernate-core-6.6.39.Final.jar:6.6.39.Final]
	at org.hibernate.event.internal.DefaultPersistEventListener.persist(DefaultPersistEventListener.java:95) ~[hibernate-core-6.6.39.Final.jar:6.6.39.Final]
	at org.hibernate.event.internal.DefaultPersistEventListener.onPersist(DefaultPersistEventListener.java:79) ~[hibernate-core-6.6.39.Final.jar:6.6.39.Final]
	at org.hibernate.event.internal.DefaultPersistEventListener.onPersist(DefaultPersistEventListener.java:55) ~[hibernate-core-6.6.39.Final.jar:6.6.39.Final]
	at org.hibernate.event.service.internal.EventListenerGroupImpl.fireEventOnEachListener(EventListenerGroupImpl.java:127) ~[hibernate-core-6.6.39.Final.jar:6.6.39.Final]
	at org.hibernate.internal.SessionImpl.firePersist(SessionImpl.java:761) ~[hibernate-core-6.6.39.Final.jar:6.6.39.Final]
	at org.hibernate.internal.SessionImpl.persist(SessionImpl.java:745) ~[hibernate-core-6.6.39.Final.jar:6.6.39.Final]
	at java.base/jdk.internal.reflect.DirectMethodHandleAccessor.invoke(DirectMethodHandleAccessor.java:104) ~[na:na]
	at java.base/java.lang.reflect.Method.invoke(Method.java:565) ~[na:na]
	at org.springframework.orm.jpa.SharedEntityManagerCreator$SharedEntityManagerInvocationHandler.invoke(SharedEntityManagerCreator.java:320) ~[spring-orm-6.2.15.jar:6.2.15]
	at jdk.proxy2/jdk.proxy2.$Proxy172.persist(Unknown Source) ~[na:na]
	at org.springframework.data.jpa.repository.support.SimpleJpaRepository.save(SimpleJpaRepository.java:654) ~[spring-data-jpa-3.5.7.jar:3.5.7]
	at java.base/jdk.internal.reflect.DirectMethodHandleAccessor.invoke(DirectMethodHandleAccessor.java:104) ~[na:na]
	at java.base/java.lang.reflect.Method.invoke(Method.java:565) ~[na:na]
	at org.springframework.aop.support.AopUtils.invokeJoinpointUsingReflection(AopUtils.java:360) ~[spring-aop-6.2.15.jar:6.2.15]
	at org.springframework.data.repository.core.support.RepositoryMethodInvoker$RepositoryFragmentMethodInvoker.lambda$new$0(RepositoryMethodInvoker.java:277) ~[spring-data-commons-3.5.7.jar:3.5.7]
	at org.springframework.data.repository.core.support.RepositoryMethodInvoker.doInvoke(RepositoryMethodInvoker.java:170) ~[spring-data-commons-3.5.7.jar:3.5.7]
	at org.springframework.data.repository.core.support.RepositoryMethodInvoker.invoke(RepositoryMethodInvoker.java:158) ~[spring-data-commons-3.5.7.jar:3.5.7]
	at org.springframework.data.repository.core.support.RepositoryComposition$RepositoryFragments.invoke(RepositoryComposition.java:515) ~[spring-data-commons-3.5.7.jar:3.5.7]
	at org.springframework.data.repository.core.support.RepositoryComposition.invoke(RepositoryComposition.java:284) ~[spring-data-commons-3.5.7.jar:3.5.7]
	at org.springframework.data.repository.core.support.RepositoryFactorySupport$ImplementationMethodExecutionInterceptor.invoke(RepositoryFactorySupport.java:720) ~[spring-data-commons-3.5.7.jar:3.5.7]
	at org.springframework.aop.framework.ReflectiveMethodInvocation.proceed(ReflectiveMethodInvocation.java:184) ~[spring-aop-6.2.15.jar:6.2.15]
	at org.springframework.data.repository.core.support.QueryExecutorMethodInterceptor.doInvoke(QueryExecutorMethodInterceptor.java:174) ~[spring-data-commons-3.5.7.jar:3.5.7]
	at org.springframework.data.repository.core.support.QueryExecutorMethodInterceptor.invoke(QueryExecutorMethodInterceptor.java:149) ~[spring-data-commons-3.5.7.jar:3.5.7]
	at org.springframework.aop.framework.ReflectiveMethodInvocation.proceed(ReflectiveMethodInvocation.java:184) ~[spring-aop-6.2.15.jar:6.2.15]
	at org.springframework.data.projection.DefaultMethodInvokingMethodInterceptor.invoke(DefaultMethodInvokingMethodInterceptor.java:69) ~[spring-data-commons-3.5.7.jar:3.5.7]
	at org.springframework.aop.framework.ReflectiveMethodInvocation.proceed(ReflectiveMethodInvocation.java:184) ~[spring-aop-6.2.15.jar:6.2.15]
	at org.springframework.transaction.interceptor.TransactionAspectSupport.invokeWithinTransaction(TransactionAspectSupport.java:380) ~[spring-tx-6.2.15.jar:6.2.15]
	at org.springframework.transaction.interceptor.TransactionInterceptor.invoke(TransactionInterceptor.java:119) ~[spring-tx-6.2.15.jar:6.2.15]
	at org.springframework.aop.framework.ReflectiveMethodInvocation.proceed(ReflectiveMethodInvocation.java:184) ~[spring-aop-6.2.15.jar:6.2.15]
	at org.springframework.dao.support.PersistenceExceptionTranslationInterceptor.invoke(PersistenceExceptionTranslationInterceptor.java:138) ~[spring-tx-6.2.15.jar:6.2.15]
	... 168 common frames omitted
Caused by: org.postgresql.util.PSQLException: ERROR: current transaction is aborted, commands ignored until end of transaction block
	at org.postgresql.core.v3.QueryExecutorImpl.receiveErrorResponse(QueryExecutorImpl.java:2736) ~[postgresql-42.7.8.jar:42.7.8]
	at org.postgresql.core.v3.QueryExecutorImpl.receiveFastpathResult(QueryExecutorImpl.java:889) ~[postgresql-42.7.8.jar:42.7.8]
	at org.postgresql.core.v3.QueryExecutorImpl.fastpathCall(QueryExecutorImpl.java:669) ~[postgresql-42.7.8.jar:42.7.8]
	at org.postgresql.fastpath.Fastpath.fastpath(Fastpath.java:106) ~[postgresql-42.7.8.jar:42.7.8]
	at org.postgresql.fastpath.Fastpath.fastpath(Fastpath.java:149) ~[postgresql-42.7.8.jar:42.7.8]
	at org.postgresql.fastpath.Fastpath.getInteger(Fastpath.java:161) ~[postgresql-42.7.8.jar:42.7.8]
	at org.postgresql.fastpath.Fastpath.getOID(Fastpath.java:212) ~[postgresql-42.7.8.jar:42.7.8]
	at org.postgresql.largeobject.LargeObjectManager.createLO(LargeObjectManager.java:290) ~[postgresql-42.7.8.jar:42.7.8]
	at org.postgresql.largeobject.LargeObjectManager.createLO(LargeObjectManager.java:273) ~[postgresql-42.7.8.jar:42.7.8]
	at org.postgresql.jdbc.PgPreparedStatement.createBlob(PgPreparedStatement.java:1257) ~[postgresql-42.7.8.jar:42.7.8]
	at org.postgresql.jdbc.PgPreparedStatement.setBlob(PgPreparedStatement.java:1297) ~[postgresql-42.7.8.jar:42.7.8]
	at com.zaxxer.hikari.pool.HikariProxyPreparedStatement.setBlob(HikariProxyPreparedStatement.java) ~[HikariCP-6.3.3.jar:na]
	at org.hibernate.type.descriptor.jdbc.BlobJdbcType$4$1.doBind(BlobJdbcType.java:173) ~[hibernate-core-6.6.39.Final.jar:6.6.39.Final]
	at org.hibernate.type.descriptor.jdbc.BasicBinder.bind(BasicBinder.java:61) ~[hibernate-core-6.6.39.Final.jar:6.6.39.Final]
	at org.hibernate.engine.jdbc.mutation.internal.JdbcValueBindingsImpl.lambda$beforeStatement$0(JdbcValueBindingsImpl.java:87) ~[hibernate-core-6.6.39.Final.jar:6.6.39.Final]
	... 217 common frames omitted
Caused by: org.postgresql.util.PSQLException: ERROR: column "data" is of type bytea but expression is of type bigint
  Hint: You will need to rewrite or cast the expression.
  Position: 66
	at org.postgresql.core.v3.QueryExecutorImpl.receiveErrorResponse(QueryExecutorImpl.java:2736) ~[postgresql-42.7.8.jar:42.7.8]
	at org.postgresql.core.v3.QueryExecutorImpl.processResults(QueryExecutorImpl.java:2421) ~[postgresql-42.7.8.jar:42.7.8]
	at org.postgresql.core.v3.QueryExecutorImpl.execute(QueryExecutorImpl.java:372) ~[postgresql-42.7.8.jar:42.7.8]
	at org.postgresql.jdbc.PgStatement.executeInternal(PgStatement.java:525) ~[postgresql-42.7.8.jar:42.7.8]
	at org.postgresql.jdbc.PgStatement.execute(PgStatement.java:435) ~[postgresql-42.7.8.jar:42.7.8]
	at org.postgresql.jdbc.PgPreparedStatement.executeWithFlags(PgPreparedStatement.java:196) ~[postgresql-42.7.8.jar:42.7.8]
	at org.postgresql.jdbc.PgPreparedStatement.executeUpdate(PgPreparedStatement.java:157) ~[postgresql-42.7.8.jar:42.7.8]
	at com.zaxxer.hikari.pool.ProxyPreparedStatement.executeUpdate(ProxyPreparedStatement.java:61) ~[HikariCP-6.3.3.jar:na]
	at com.zaxxer.hikari.pool.HikariProxyPreparedStatement.executeUpdate(HikariProxyPreparedStatement.java) ~[HikariCP-6.3.3.jar:na]
	at org.hibernate.engine.jdbc.internal.ResultSetReturnImpl.executeUpdate(ResultSetReturnImpl.java:194) ~[hibernate-core-6.6.39.Final.jar:6.6.39.Final]
	at org.hibernate.id.insert.GetGeneratedKeysDelegate.performMutation(GetGeneratedKeysDelegate.java:116) ~[hibernate-core-6.6.39.Final.jar:6.6.39.Final]
	at org.hibernate.engine.jdbc.mutation.internal.MutationExecutorSingleNonBatched.performNonBatchedOperations(MutationExecutorSingleNonBatched.java:47) ~[hibernate-core-6.6.39.Final.jar:6.6.39.Final]
	at org.hibernate.engine.jdbc.mutation.internal.AbstractMutationExecutor.execute(AbstractMutationExecutor.java:55) ~[hibernate-core-6.6.39.Final.jar:6.6.39.Final]
	at org.hibernate.persister.entity.mutation.InsertCoordinatorStandard.doStaticInserts(InsertCoordinatorStandard.java:194) ~[hibernate-core-6.6.39.Final.jar:6.6.39.Final]
	at org.hibernate.persister.entity.mutation.InsertCoordinatorStandard.coordinateInsert(InsertCoordinatorStandard.java:132) ~[hibernate-core-6.6.39.Final.jar:6.6.39.Final]
	at org.hibernate.persister.entity.mutation.InsertCoordinatorStandard.insert(InsertCoordinatorStandard.java:95) ~[hibernate-core-6.6.39.Final.jar:6.6.39.Final]
	at org.hibernate.action.internal.EntityIdentityInsertAction.execute(EntityIdentityInsertAction.java:85) ~[hibernate-core-6.6.39.Final.jar:6.6.39.Final]
	at org.hibernate.engine.spi.ActionQueue.execute(ActionQueue.java:682) ~[hibernate-core-6.6.39.Final.jar:6.6.39.Final]
	at org.hibernate.engine.spi.ActionQueue.addResolvedEntityInsertAction(ActionQueue.java:293) ~[hibernate-core-6.6.39.Final.jar:6.6.39.Final]
	at org.hibernate.engine.spi.ActionQueue.addInsertAction(ActionQueue.java:274) ~[hibernate-core-6.6.39.Final.jar:6.6.39.Final]
	at org.hibernate.engine.spi.ActionQueue.addAction(ActionQueue.java:324) ~[hibernate-core-6.6.39.Final.jar:6.6.39.Final]
	at org.hibernate.event.internal.AbstractSaveEventListener.addInsertAction(AbstractSaveEventListener.java:394) ~[hibernate-core-6.6.39.Final.jar:6.6.39.Final]
	at org.hibernate.event.internal.AbstractSaveEventListener.performSaveOrReplicate(AbstractSaveEventListener.java:308) ~[hibernate-core-6.6.39.Final.jar:6.6.39.Final]
	at org.hibernate.event.internal.AbstractSaveEventListener.performSave(AbstractSaveEventListener.java:224) ~[hibernate-core-6.6.39.Final.jar:6.6.39.Final]
	at org.hibernate.event.internal.AbstractSaveEventListener.saveWithGeneratedId(AbstractSaveEventListener.java:136) ~[hibernate-core-6.6.39.Final.jar:6.6.39.Final]
	at org.hibernate.event.internal.DefaultPersistEventListener.entityIsTransient(DefaultPersistEventListener.java:177) ~[hibernate-core-6.6.39.Final.jar:6.6.39.Final]
	at org.hibernate.event.internal.DefaultPersistEventListener.persist(DefaultPersistEventListener.java:95) ~[hibernate-core-6.6.39.Final.jar:6.6.39.Final]
	at org.hibernate.event.internal.DefaultPersistEventListener.onPersist(DefaultPersistEventListener.java:79) ~[hibernate-core-6.6.39.Final.jar:6.6.39.Final]
	at org.hibernate.event.internal.DefaultPersistEventListener.onPersist(DefaultPersistEventListener.java:55) ~[hibernate-core-6.6.39.Final.jar:6.6.39.Final]
	at org.hibernate.event.service.internal.EventListenerGroupImpl.fireEventOnEachListener(EventListenerGroupImpl.java:127) ~[hibernate-core-6.6.39.Final.jar:6.6.39.Final]
	at org.hibernate.internal.SessionImpl.firePersist(SessionImpl.java:761) ~[hibernate-core-6.6.39.Final.jar:6.6.39.Final]
	at org.hibernate.internal.SessionImpl.persist(SessionImpl.java:745) ~[hibernate-core-6.6.39.Final.jar:6.6.39.Final]
	at java.base/jdk.internal.reflect.DirectMethodHandleAccessor.invoke(DirectMethodHandleAccessor.java:104) ~[na:na]
	at java.base/java.lang.reflect.Method.invoke(Method.java:565) ~[na:na]
	at org.springframework.orm.jpa.SharedEntityManagerCreator$SharedEntityManagerInvocationHandler.invoke(SharedEntityManagerCreator.java:320) ~[spring-orm-6.2.15.jar:6.2.15]
	at jdk.proxy2/jdk.proxy2.$Proxy172.persist(Unknown Source) ~[na:na]
	at org.springframework.data.jpa.repository.support.SimpleJpaRepository.save(SimpleJpaRepository.java:654) ~[spring-data-jpa-3.5.7.jar:3.5.7]
	at java.base/jdk.internal.reflect.DirectMethodHandleAccessor.invoke(DirectMethodHandleAccessor.java:104) ~[na:na]
	at java.base/java.lang.reflect.Method.invoke(Method.java:565) ~[na:na]
	at org.springframework.aop.support.AopUtils.invokeJoinpointUsingReflection(AopUtils.java:360) ~[spring-aop-6.2.15.jar:6.2.15]
	at org.springframework.data.repository.core.support.RepositoryMethodInvoker$RepositoryFragmentMethodInvoker.lambda$new$0(RepositoryMethodInvoker.java:277) ~[spring-data-commons-3.5.7.jar:3.5.7]
	at org.springframework.data.repository.core.support.RepositoryMethodInvoker.doInvoke(RepositoryMethodInvoker.java:170) ~[spring-data-commons-3.5.7.jar:3.5.7]
	at org.springframework.data.repository.core.support.RepositoryMethodInvoker.invoke(RepositoryMethodInvoker.java:158) ~[spring-data-commons-3.5.7.jar:3.5.7]
	at org.springframework.data.repository.core.support.RepositoryComposition$RepositoryFragments.invoke(RepositoryComposition.java:515) ~[spring-data-commons-3.5.7.jar:3.5.7]
	at org.springframework.data.repository.core.support.RepositoryComposition.invoke(RepositoryComposition.java:284) ~[spring-data-commons-3.5.7.jar:3.5.7]
	at org.springframework.data.repository.core.support.RepositoryFactorySupport$ImplementationMethodExecutionInterceptor.invoke(RepositoryFactorySupport.java:720) ~[spring-data-commons-3.5.7.jar:3.5.7]
	at org.springframework.aop.framework.ReflectiveMethodInvocation.proceed(ReflectiveMethodInvocation.java:184) ~[spring-aop-6.2.15.jar:6.2.15]
	at org.springframework.data.repository.core.support.QueryExecutorMethodInterceptor.doInvoke(QueryExecutorMethodInterceptor.java:174) ~[spring-data-commons-3.5.7.jar:3.5.7]
	at org.springframework.data.repository.core.support.QueryExecutorMethodInterceptor.invoke(QueryExecutorMethodInterceptor.java:149) ~[spring-data-commons-3.5.7.jar:3.5.7]
	at org.springframework.aop.framework.ReflectiveMethodInvocation.proceed(ReflectiveMethodInvocation.java:184) ~[spring-aop-6.2.15.jar:6.2.15]
	at org.springframework.data.projection.DefaultMethodInvokingMethodInterceptor.invoke(DefaultMethodInvokingMethodInterceptor.java:69) ~[spring-data-commons-3.5.7.jar:3.5.7]
	at org.springframework.aop.framework.ReflectiveMethodInvocation.proceed(ReflectiveMethodInvocation.java:184) ~[spring-aop-6.2.15.jar:6.2.15]
	at org.springframework.transaction.interceptor.TransactionAspectSupport.invokeWithinTransaction(TransactionAspectSupport.java:380) ~[spring-tx-6.2.15.jar:6.2.15]
	at org.springframework.transaction.interceptor.TransactionInterceptor.invoke(TransactionInterceptor.java:119) ~[spring-tx-6.2.15.jar:6.2.15]
	at org.springframework.aop.framework.ReflectiveMethodInvocation.proceed(ReflectiveMethodInvocation.java:184) ~[spring-aop-6.2.15.jar:6.2.15]
	at org.springframework.dao.support.PersistenceExceptionTranslationInterceptor.invoke(PersistenceExceptionTranslationInterceptor.java:138) ~[spring-tx-6.2.15.jar:6.2.15]
	at org.springframework.aop.framework.ReflectiveMethodInvocation.proceed(ReflectiveMethodInvocation.java:184) ~[spring-aop-6.2.15.jar:6.2.15]
	at org.springframework.data.jpa.repository.support.CrudMethodMetadataPostProcessor$CrudMethodMetadataPopulatingMethodInterceptor.invoke(CrudMethodMetadataPostProcessor.java:165) ~[spring-data-jpa-3.5.7.jar:3.5.7]
	at org.springframework.aop.framework.ReflectiveMethodInvocation.proceed(ReflectiveMethodInvocation.java:184) ~[spring-aop-6.2.15.jar:6.2.15]
	at org.springframework.aop.framework.JdkDynamicAopProxy.invoke(JdkDynamicAopProxy.java:223) ~[spring-aop-6.2.15.jar:6.2.15]
	at jdk.proxy2/jdk.proxy2.$Proxy188.save(Unknown Source) ~[na:na]
	at com.example.hospitalmanagement.service.ConsultationAudioStorageService.store(ConsultationAudioStorageService.java:62) ~[classes/:na]
	at java.base/jdk.internal.reflect.DirectMethodHandleAccessor.invoke(DirectMethodHandleAccessor.java:104) ~[na:na]
	at java.base/java.lang.reflect.Method.invoke(Method.java:565) ~[na:na]
	at org.springframework.aop.support.AopUtils.invokeJoinpointUsingReflection(AopUtils.java:360) ~[spring-aop-6.2.15.jar:6.2.15]
	at org.springframework.aop.framework.ReflectiveMethodInvocation.invokeJoinpoint(ReflectiveMethodInvocation.java:196) ~[spring-aop-6.2.15.jar:6.2.15]
	at org.springframework.aop.framework.ReflectiveMethodInvocation.proceed(ReflectiveMethodInvocation.java:163) ~[spring-aop-6.2.15.jar:6.2.15]
	at org.springframework.transaction.interceptor.TransactionAspectSupport.invokeWithinTransaction(TransactionAspectSupport.java:380) ~[spring-tx-6.2.15.jar:6.2.15]
	at org.springframework.transaction.interceptor.TransactionInterceptor.invoke(TransactionInterceptor.java:119) ~[spring-tx-6.2.15.jar:6.2.15]
	at org.springframework.aop.framework.ReflectiveMethodInvocation.proceed(ReflectiveMethodInvocation.java:184) ~[spring-aop-6.2.15.jar:6.2.15]
	at org.springframework.aop.framework.CglibAopProxy$DynamicAdvisedInterceptor.intercept(CglibAopProxy.java:728) ~[spring-aop-6.2.15.jar:6.2.15]
	at com.example.hospitalmanagement.service.ConsultationAudioStorageService$$SpringCGLIB$$0.store(<generated>) ~[classes/:na]
	at com.example.hospitalmanagement.service.VoiceMessageService.sendVoiceMessage(VoiceMessageService.java:57) ~[classes/:na]
	... 162 common frames omitted

2026-04-18T15:50:24.299+02:00  INFO 22632 --- [HospitalManagementSystem] [SpringApplicationShutdownHook] o.s.b.w.e.tomcat.GracefulShutdown        : Commencing graceful shutdown. Waiting for active requests to complete
2026-04-18T15:50:24.346+02:00  INFO 22632 --- [HospitalManagementSystem] [tomcat-shutdown] o.s.b.w.e.tomcat.GracefulShutdown        : Graceful shutdown complete
2026-04-18T15:50:24.385+02:00  INFO 22632 --- [HospitalManagementSystem] [SpringApplicationShutdownHook] j.LocalContainerEntityManagerFactoryBean : Closing JPA EntityManagerFactory for persistence unit 'default'
2026-04-18T15:50:24.394+02:00  INFO 22632 --- [HospitalManagementSystem] [SpringApplicationShutdownHook] com.zaxxer.hikari.HikariDataSource       : HikariPool-1 - Shutdown initiated...
2026-04-18T15:50:24.449+02:00  INFO 22632 --- [HospitalManagementSystem] [SpringApplicationShutdownHook] com.zaxxer.hikari.HikariDataSource       : HikariPool-1 - Shutdown completed.
2026-04-18T15:50:36.665+02:00  INFO 6512 --- [HospitalManagementSystem] [main] c.e.h.HospitalManagementApplication      : Starting HospitalManagementApplication using Java 25.0.2 with PID 6512 (C:\Users\user\Desktop\Ap dodcument\HospitalManagementSystem_25612-main\target\classes started by user in C:\Users\user\Desktop\Ap dodcument\HospitalManagementSystem_25612-main)
2026-04-18T15:50:36.670+02:00  INFO 6512 --- [HospitalManagementSystem] [main] c.e.h.HospitalManagementApplication      : The following 1 profile is active: "postgres"
2026-04-18T15:50:38.382+02:00  INFO 6512 --- [HospitalManagementSystem] [main] .s.d.r.c.RepositoryConfigurationDelegate : Bootstrapping Spring Data JPA repositories in DEFAULT mode.
2026-04-18T15:50:38.503+02:00  INFO 6512 --- [HospitalManagementSystem] [main] .s.d.r.c.RepositoryConfigurationDelegate : Finished Spring Data repository scanning in 110 ms. Found 11 JPA repository interfaces.
2026-04-18T15:50:39.348+02:00  INFO 6512 --- [HospitalManagementSystem] [main] o.s.b.w.embedded.tomcat.TomcatWebServer  : Tomcat initialized with port 8899 (http)
2026-04-18T15:50:39.384+02:00  INFO 6512 --- [HospitalManagementSystem] [main] o.apache.catalina.core.StandardService   : Starting service [Tomcat]
2026-04-18T15:50:39.385+02:00  INFO 6512 --- [HospitalManagementSystem] [main] o.apache.catalina.core.StandardEngine    : Starting Servlet engine: [Apache Tomcat/10.1.50]
2026-04-18T15:50:39.476+02:00  INFO 6512 --- [HospitalManagementSystem] [main] o.a.c.c.C.[Tomcat].[localhost].[/]       : Initializing Spring embedded WebApplicationContext
2026-04-18T15:50:39.477+02:00  INFO 6512 --- [HospitalManagementSystem] [main] w.s.c.ServletWebServerApplicationContext : Root WebApplicationContext: initialization completed in 2709 ms
2026-04-18T15:50:39.986+02:00  INFO 6512 --- [HospitalManagementSystem] [main] com.zaxxer.hikari.HikariDataSource       : HikariPool-1 - Starting...
2026-04-18T15:50:40.238+02:00  INFO 6512 --- [HospitalManagementSystem] [main] com.zaxxer.hikari.pool.HikariPool        : HikariPool-1 - Added connection org.postgresql.jdbc.PgConnection@7ed8b44
2026-04-18T15:50:40.242+02:00  INFO 6512 --- [HospitalManagementSystem] [main] com.zaxxer.hikari.HikariDataSource       : HikariPool-1 - Start completed.
2026-04-18T15:50:40.280+02:00  INFO 6512 --- [HospitalManagementSystem] [main] org.flywaydb.core.FlywayExecutor         : Database: jdbc:postgresql://localhost:5432/hospital_db (PostgreSQL 17.7)
2026-04-18T15:50:40.379+02:00  INFO 6512 --- [HospitalManagementSystem] [main] o.f.core.internal.command.DbValidate     : Successfully validated 19 migrations (execution time 00:00.060s)
2026-04-18T15:50:40.434+02:00  INFO 6512 --- [HospitalManagementSystem] [main] o.f.core.internal.command.DbMigrate      : Current version of schema "public": 18
2026-04-18T15:50:40.438+02:00  INFO 6512 --- [HospitalManagementSystem] [main] o.f.core.internal.command.DbMigrate      : Schema "public" is up to date. No migration necessary.
2026-04-18T15:50:40.571+02:00  INFO 6512 --- [HospitalManagementSystem] [main] o.hibernate.jpa.internal.util.LogHelper  : HHH000204: Processing PersistenceUnitInfo [name: default]
2026-04-18T15:50:40.654+02:00  INFO 6512 --- [HospitalManagementSystem] [main] org.hibernate.Version                    : HHH000412: Hibernate ORM core version 6.6.39.Final
2026-04-18T15:50:40.706+02:00  INFO 6512 --- [HospitalManagementSystem] [main] o.h.c.internal.RegionFactoryInitiator    : HHH000026: Second-level cache disabled
2026-04-18T15:50:41.090+02:00  INFO 6512 --- [HospitalManagementSystem] [main] o.s.o.j.p.SpringPersistenceUnitInfo      : No LoadTimeWeaver setup: ignoring JPA class transformer
2026-04-18T15:50:41.186+02:00  WARN 6512 --- [HospitalManagementSystem] [main] org.hibernate.orm.deprecation            : HHH90000025: PostgreSQLDialect does not need to be specified explicitly using 'hibernate.dialect' (remove the property setting and it will be selected by default)
2026-04-18T15:50:41.218+02:00  INFO 6512 --- [HospitalManagementSystem] [main] org.hibernate.orm.connections.pooling    : HHH10001005: Database info:
	Database JDBC URL [Connecting through datasource 'HikariDataSource (HikariPool-1)']
	Database driver: undefined/unknown
	Database version: 17.7
	Autocommit mode: undefined/unknown
	Isolation level: undefined/unknown
	Minimum pool size: undefined/unknown
	Maximum pool size: undefined/unknown
2026-04-18T15:50:43.050+02:00  INFO 6512 --- [HospitalManagementSystem] [main] o.h.e.t.j.p.i.JtaPlatformInitiator       : HHH000489: No JTA platform available (set 'hibernate.transaction.jta.platform' to enable JTA platform integration)
2026-04-18T15:50:43.054+02:00  INFO 6512 --- [HospitalManagementSystem] [main] j.LocalContainerEntityManagerFactoryBean : Initialized JPA EntityManagerFactory for persistence unit 'default'
2026-04-18T15:50:43.445+02:00  INFO 6512 --- [HospitalManagementSystem] [main] o.s.d.j.r.query.QueryEnhancerFactory     : Hibernate is in classpath; If applicable, HQL parser will be used.
2026-04-18T15:50:47.054+02:00  INFO 6512 --- [HospitalManagementSystem] [main] o.s.b.a.e.web.EndpointLinksResolver      : Exposing 2 endpoints beneath base path '/actuator'
2026-04-18T15:50:47.127+02:00  INFO 6512 --- [HospitalManagementSystem] [main] eAuthenticationProviderManagerConfigurer : Global AuthenticationManager configured with AuthenticationProvider bean with name authenticationProvider
2026-04-18T15:50:47.129+02:00  WARN 6512 --- [HospitalManagementSystem] [main] r$InitializeUserDetailsManagerConfigurer : Global AuthenticationManager configured with an AuthenticationProvider bean. UserDetailsService beans will not be used by Spring Security for automatically configuring username/password login. Consider removing the AuthenticationProvider bean. Alternatively, consider using the UserDetailsService in a manually instantiated DaoAuthenticationProvider. If the current configuration is intentional, to turn off this warning, increase the logging level of 'org.springframework.security.config.annotation.authentication.configuration.InitializeUserDetailsBeanManagerConfigurer' to ERROR
2026-04-18T15:50:47.932+02:00  INFO 6512 --- [HospitalManagementSystem] [main] o.s.b.w.embedded.tomcat.TomcatWebServer  : Tomcat started on port 8899 (http) with context path '/'
2026-04-18T15:50:47.955+02:00  INFO 6512 --- [HospitalManagementSystem] [main] c.e.h.HospitalManagementApplication      : Started HospitalManagementApplication in 11.989 seconds (process running for 12.934)
2026-04-18T15:50:48.059+02:00  INFO 6512 --- [HospitalManagementSystem] [main] c.e.h.config.DemoDataInitializer         : Initializing demo data...
2026-04-18T15:50:48.268+02:00  INFO 6512 --- [HospitalManagementSystem] [main] c.e.h.config.DemoDataInitializer         : Demo data already exists, skipping...
2026-04-18T15:51:01.918+02:00  INFO 6512 --- [HospitalManagementSystem] [http-nio-8899-exec-1] o.a.c.c.C.[Tomcat].[localhost].[/]       : Initializing Spring DispatcherServlet 'dispatcherServlet'
2026-04-18T15:51:01.923+02:00  INFO 6512 --- [HospitalManagementSystem] [http-nio-8899-exec-1] o.s.web.servlet.DispatcherServlet        : Initializing Servlet 'dispatcherServlet'
2026-04-18T15:51:01.927+02:00  INFO 6512 --- [HospitalManagementSystem] [http-nio-8899-exec-1] o.s.web.servlet.DispatcherServlet        : Completed initialization in 3 ms
2026-04-18T15:51:38.247+02:00  WARN 6512 --- [HospitalManagementSystem] [http-nio-8899-exec-5] ration$PageModule$WarningLoggingModifier : Serializing PageImpl instances as-is is not supported, meaning that there is no guarantee about the stability of the resulting JSON structure!
	For a stable JSON structure, please use Spring Data's PagedModel (globally via @EnableSpringDataWebSupport(pageSerializationMode = VIA_DTO))
	or Spring HATEOAS and Spring Data's PagedResourcesAssembler as documented in https://docs.spring.io/spring-data/commons/reference/repositories/core-extensions.html#core.web.pageables.

2026-04-18T15:51:45.630+02:00  INFO 6512 --- [HospitalManagementSystem] [http-nio-8899-exec-8] c.e.h.service.VoiceMessageService        : SendVoiceMessage starting: recipientId=25, sender=apjr.nzendong@gmail.com
2026-04-18T15:51:45.683+02:00  INFO 6512 --- [HospitalManagementSystem] [http-nio-8899-exec-8] c.e.h.service.VoiceMessageService        : Bytes read: 35072
2026-04-18T15:51:45.774+02:00  INFO 6512 --- [HospitalManagementSystem] [http-nio-8899-exec-8] c.e.h.service.VoiceMessageService        : Saving message to database...
2026-04-18T15:51:45.797+02:00  INFO 6512 --- [HospitalManagementSystem] [http-nio-8899-exec-8] c.e.h.service.VoiceMessageService        : Message saved with id: 2
2026-04-18T15:51:51.868+02:00  INFO 6512 --- [HospitalManagementSystem] [http-nio-8899-exec-1] c.e.h.controller.VoiceMessageController  : Requesting audio for voice message id=2
2026-04-18T15:51:51.871+02:00  INFO 6512 --- [HospitalManagementSystem] [http-nio-8899-exec-2] c.e.h.controller.VoiceMessageController  : Requesting audio for voice message id=1
2026-04-18T15:51:51.910+02:00  INFO 6512 --- [HospitalManagementSystem] [http-nio-8899-exec-2] c.e.h.controller.VoiceMessageController  : Message found, fetching audio content... (filename=7bbaa0af-8c38-45dd-9172-1a100fe685e4.webm, dataLength=0)
2026-04-18T15:51:51.914+02:00  INFO 6512 --- [HospitalManagementSystem] [http-nio-8899-exec-1] c.e.h.controller.VoiceMessageController  : Message found, fetching audio content... (filename=d2c9f097-17c7-4d16-a614-61848b69f683.webm, dataLength=35072)
2026-04-18T15:51:51.925+02:00 ERROR 6512 --- [HospitalManagementSystem] [http-nio-8899-exec-2] c.e.h.service.VoiceMessageService        : Audio file not found in DB or filesystem for message id=1: Audio file not found: 7bbaa0af-8c38-45dd-9172-1a100fe685e4.webm
2026-04-18T15:51:51.979+02:00  INFO 6512 --- [HospitalManagementSystem] [http-nio-8899-exec-3] c.e.h.controller.VoiceMessageController  : Requesting audio for voice message id=2
2026-04-18T15:51:52.000+02:00  INFO 6512 --- [HospitalManagementSystem] [http-nio-8899-exec-4] c.e.h.controller.VoiceMessageController  : Requesting audio for voice message id=1
2026-04-18T15:51:52.029+02:00  INFO 6512 --- [HospitalManagementSystem] [http-nio-8899-exec-3] c.e.h.controller.VoiceMessageController  : Message found, fetching audio content... (filename=d2c9f097-17c7-4d16-a614-61848b69f683.webm, dataLength=35072)
2026-04-18T15:51:52.046+02:00  INFO 6512 --- [HospitalManagementSystem] [http-nio-8899-exec-4] c.e.h.controller.VoiceMessageController  : Message found, fetching audio content... (filename=7bbaa0af-8c38-45dd-9172-1a100fe685e4.webm, dataLength=0)
2026-04-18T15:51:52.051+02:00 ERROR 6512 --- [HospitalManagementSystem] [http-nio-8899-exec-4] c.e.h.service.VoiceMessageService        : Audio file not found in DB or filesystem for message id=1: Audio file not found: 7bbaa0af-8c38-45dd-9172-1a100fe685e4.webm
2026-04-18T15:52:03.088+02:00  INFO 6512 --- [HospitalManagementSystem] [http-nio-8899-exec-7] c.e.h.controller.VoiceMessageController  : Requesting audio for voice message id=2
2026-04-18T15:52:03.089+02:00  INFO 6512 --- [HospitalManagementSystem] [http-nio-8899-exec-6] c.e.h.controller.VoiceMessageController  : Requesting audio for voice message id=1
2026-04-18T15:52:03.124+02:00  INFO 6512 --- [HospitalManagementSystem] [http-nio-8899-exec-6] c.e.h.controller.VoiceMessageController  : Message found, fetching audio content... (filename=7bbaa0af-8c38-45dd-9172-1a100fe685e4.webm, dataLength=0)
2026-04-18T15:52:03.124+02:00  INFO 6512 --- [HospitalManagementSystem] [http-nio-8899-exec-7] c.e.h.controller.VoiceMessageController  : Message found, fetching audio content... (filename=d2c9f097-17c7-4d16-a614-61848b69f683.webm, dataLength=35072)
2026-04-18T15:52:03.141+02:00 ERROR 6512 --- [HospitalManagementSystem] [http-nio-8899-exec-6] c.e.h.service.VoiceMessageService        : Audio file not found in DB or filesystem for message id=1: Audio file not found: 7bbaa0af-8c38-45dd-9172-1a100fe685e4.webm
2026-04-18T15:52:03.190+02:00  INFO 6512 --- [HospitalManagementSystem] [http-nio-8899-exec-5] c.e.h.controller.VoiceMessageController  : Requesting audio for voice message id=2
2026-04-18T15:52:03.198+02:00  INFO 6512 --- [HospitalManagementSystem] [http-nio-8899-exec-8] c.e.h.controller.VoiceMessageController  : Requesting audio for voice message id=1
2026-04-18T15:52:03.218+02:00  INFO 6512 --- [HospitalManagementSystem] [http-nio-8899-exec-5] c.e.h.controller.VoiceMessageController  : Message found, fetching audio content... (filename=d2c9f097-17c7-4d16-a614-61848b69f683.webm, dataLength=35072)
2026-04-18T15:52:03.224+02:00  INFO 6512 --- [HospitalManagementSystem] [http-nio-8899-exec-8] c.e.h.controller.VoiceMessageController  : Message found, fetching audio content... (filename=7bbaa0af-8c38-45dd-9172-1a100fe685e4.webm, dataLength=0)
2026-04-18T15:52:03.234+02:00 ERROR 6512 --- [HospitalManagementSystem] [http-nio-8899-exec-8] c.e.h.service.VoiceMessageService        : Audio file not found in DB or filesystem for message id=1: Audio file not found: 7bbaa0af-8c38-45dd-9172-1a100fe685e4.webm
2026-04-18T15:56:01.883+02:00  INFO 6512 --- [HospitalManagementSystem] [SpringApplicationShutdownHook] o.s.b.w.e.tomcat.GracefulShutdown        : Commencing graceful shutdown. Waiting for active requests to complete
2026-04-18T15:56:01.924+02:00  INFO 6512 --- [HospitalManagementSystem] [tomcat-shutdown] o.s.b.w.e.tomcat.GracefulShutdown        : Graceful shutdown complete
2026-04-18T15:56:01.959+02:00  INFO 6512 --- [HospitalManagementSystem] [SpringApplicationShutdownHook] j.LocalContainerEntityManagerFactoryBean : Closing JPA EntityManagerFactory for persistence unit 'default'
2026-04-18T15:56:01.967+02:00  INFO 6512 --- [HospitalManagementSystem] [SpringApplicationShutdownHook] com.zaxxer.hikari.HikariDataSource       : HikariPool-1 - Shutdown initiated...
2026-04-18T15:56:02.004+02:00  INFO 6512 --- [HospitalManagementSystem] [SpringApplicationShutdownHook] com.zaxxer.hikari.HikariDataSource       : HikariPool-1 - Shutdown completed.
2026-04-18T15:56:17.865+02:00  INFO 9480 --- [HospitalManagementSystem] [main] c.e.h.HospitalManagementApplication      : Starting HospitalManagementApplication using Java 25.0.2 with PID 9480 (C:\Users\user\Desktop\Ap dodcument\HospitalManagementSystem_25612-main\target\classes started by user in C:\Users\user\Desktop\Ap dodcument\HospitalManagementSystem_25612-main)
2026-04-18T15:56:17.868+02:00  INFO 9480 --- [HospitalManagementSystem] [main] c.e.h.HospitalManagementApplication      : The following 1 profile is active: "postgres"
2026-04-18T15:56:19.456+02:00  INFO 9480 --- [HospitalManagementSystem] [main] .s.d.r.c.RepositoryConfigurationDelegate : Bootstrapping Spring Data JPA repositories in DEFAULT mode.
2026-04-18T15:56:19.575+02:00  INFO 9480 --- [HospitalManagementSystem] [main] .s.d.r.c.RepositoryConfigurationDelegate : Finished Spring Data repository scanning in 108 ms. Found 11 JPA repository interfaces.
2026-04-18T15:56:20.471+02:00  INFO 9480 --- [HospitalManagementSystem] [main] o.s.b.w.embedded.tomcat.TomcatWebServer  : Tomcat initialized with port 8899 (http)
2026-04-18T15:56:20.489+02:00  INFO 9480 --- [HospitalManagementSystem] [main] o.apache.catalina.core.StandardService   : Starting service [Tomcat]
2026-04-18T15:56:20.490+02:00  INFO 9480 --- [HospitalManagementSystem] [main] o.apache.catalina.core.StandardEngine    : Starting Servlet engine: [Apache Tomcat/10.1.50]
2026-04-18T15:56:20.583+02:00  INFO 9480 --- [HospitalManagementSystem] [main] o.a.c.c.C.[Tomcat].[localhost].[/]       : Initializing Spring embedded WebApplicationContext
2026-04-18T15:56:20.584+02:00  INFO 9480 --- [HospitalManagementSystem] [main] w.s.c.ServletWebServerApplicationContext : Root WebApplicationContext: initialization completed in 2649 ms
2026-04-18T15:56:21.084+02:00  INFO 9480 --- [HospitalManagementSystem] [main] com.zaxxer.hikari.HikariDataSource       : HikariPool-1 - Starting...
2026-04-18T15:56:21.330+02:00  INFO 9480 --- [HospitalManagementSystem] [main] com.zaxxer.hikari.pool.HikariPool        : HikariPool-1 - Added connection org.postgresql.jdbc.PgConnection@7ed8b44
2026-04-18T15:56:21.334+02:00  INFO 9480 --- [HospitalManagementSystem] [main] com.zaxxer.hikari.HikariDataSource       : HikariPool-1 - Start completed.
2026-04-18T15:56:21.372+02:00  INFO 9480 --- [HospitalManagementSystem] [main] org.flywaydb.core.FlywayExecutor         : Database: jdbc:postgresql://localhost:5432/hospital_db (PostgreSQL 17.7)
2026-04-18T15:56:21.464+02:00  INFO 9480 --- [HospitalManagementSystem] [main] o.f.core.internal.command.DbValidate     : Successfully validated 19 migrations (execution time 00:00.058s)
2026-04-18T15:56:21.523+02:00  INFO 9480 --- [HospitalManagementSystem] [main] o.f.core.internal.command.DbMigrate      : Current version of schema "public": 18
2026-04-18T15:56:21.528+02:00  INFO 9480 --- [HospitalManagementSystem] [main] o.f.core.internal.command.DbMigrate      : Schema "public" is up to date. No migration necessary.
2026-04-18T15:56:21.657+02:00  INFO 9480 --- [HospitalManagementSystem] [main] o.hibernate.jpa.internal.util.LogHelper  : HHH000204: Processing PersistenceUnitInfo [name: default]
2026-04-18T15:56:21.734+02:00  INFO 9480 --- [HospitalManagementSystem] [main] org.hibernate.Version                    : HHH000412: Hibernate ORM core version 6.6.39.Final
2026-04-18T15:56:21.783+02:00  INFO 9480 --- [HospitalManagementSystem] [main] o.h.c.internal.RegionFactoryInitiator    : HHH000026: Second-level cache disabled
2026-04-18T15:56:22.178+02:00  INFO 9480 --- [HospitalManagementSystem] [main] o.s.o.j.p.SpringPersistenceUnitInfo      : No LoadTimeWeaver setup: ignoring JPA class transformer
2026-04-18T15:56:22.323+02:00  WARN 9480 --- [HospitalManagementSystem] [main] org.hibernate.orm.deprecation            : HHH90000025: PostgreSQLDialect does not need to be specified explicitly using 'hibernate.dialect' (remove the property setting and it will be selected by default)
2026-04-18T15:56:22.352+02:00  INFO 9480 --- [HospitalManagementSystem] [main] org.hibernate.orm.connections.pooling    : HHH10001005: Database info:
	Database JDBC URL [Connecting through datasource 'HikariDataSource (HikariPool-1)']
	Database driver: undefined/unknown
	Database version: 17.7
	Autocommit mode: undefined/unknown
	Isolation level: undefined/unknown
	Minimum pool size: undefined/unknown
	Maximum pool size: undefined/unknown
2026-04-18T15:56:24.147+02:00  INFO 9480 --- [HospitalManagementSystem] [main] o.h.e.t.j.p.i.JtaPlatformInitiator       : HHH000489: No JTA platform available (set 'hibernate.transaction.jta.platform' to enable JTA platform integration)
2026-04-18T15:56:24.153+02:00  INFO 9480 --- [HospitalManagementSystem] [main] j.LocalContainerEntityManagerFactoryBean : Initialized JPA EntityManagerFactory for persistence unit 'default'
2026-04-18T15:56:24.484+02:00  INFO 9480 --- [HospitalManagementSystem] [main] o.s.d.j.r.query.QueryEnhancerFactory     : Hibernate is in classpath; If applicable, HQL parser will be used.
2026-04-18T15:56:27.995+02:00  INFO 9480 --- [HospitalManagementSystem] [main] o.s.b.a.e.web.EndpointLinksResolver      : Exposing 2 endpoints beneath base path '/actuator'
2026-04-18T15:56:28.075+02:00  INFO 9480 --- [HospitalManagementSystem] [main] eAuthenticationProviderManagerConfigurer : Global AuthenticationManager configured with AuthenticationProvider bean with name authenticationProvider
2026-04-18T15:56:28.076+02:00  WARN 9480 --- [HospitalManagementSystem] [main] r$InitializeUserDetailsManagerConfigurer : Global AuthenticationManager configured with an AuthenticationProvider bean. UserDetailsService beans will not be used by Spring Security for automatically configuring username/password login. Consider removing the AuthenticationProvider bean. Alternatively, consider using the UserDetailsService in a manually instantiated DaoAuthenticationProvider. If the current configuration is intentional, to turn off this warning, increase the logging level of 'org.springframework.security.config.annotation.authentication.configuration.InitializeUserDetailsBeanManagerConfigurer' to ERROR
2026-04-18T15:56:28.855+02:00  INFO 9480 --- [HospitalManagementSystem] [main] o.s.b.w.embedded.tomcat.TomcatWebServer  : Tomcat started on port 8899 (http) with context path '/'
2026-04-18T15:56:28.875+02:00  INFO 9480 --- [HospitalManagementSystem] [main] c.e.h.HospitalManagementApplication      : Started HospitalManagementApplication in 11.822 seconds (process running for 12.329)
2026-04-18T15:56:28.974+02:00  INFO 9480 --- [HospitalManagementSystem] [main] c.e.h.config.DemoDataInitializer         : Initializing demo data...
2026-04-18T15:56:29.160+02:00  INFO 9480 --- [HospitalManagementSystem] [main] c.e.h.config.DemoDataInitializer         : Demo data already exists, skipping...
2026-04-18T15:57:28.004+02:00  INFO 9480 --- [HospitalManagementSystem] [http-nio-8899-exec-1] o.a.c.c.C.[Tomcat].[localhost].[/]       : Initializing Spring DispatcherServlet 'dispatcherServlet'
2026-04-18T15:57:28.006+02:00  INFO 9480 --- [HospitalManagementSystem] [http-nio-8899-exec-1] o.s.web.servlet.DispatcherServlet        : Initializing Servlet 'dispatcherServlet'
2026-04-18T15:57:28.010+02:00  INFO 9480 --- [HospitalManagementSystem] [http-nio-8899-exec-1] o.s.web.servlet.DispatcherServlet        : Completed initialization in 3 ms
2026-04-18T15:57:44.556+02:00  WARN 9480 --- [HospitalManagementSystem] [http-nio-8899-exec-5] ration$PageModule$WarningLoggingModifier : Serializing PageImpl instances as-is is not supported, meaning that there is no guarantee about the stability of the resulting JSON structure!
	For a stable JSON structure, please use Spring Data's PagedModel (globally via @EnableSpringDataWebSupport(pageSerializationMode = VIA_DTO))
	or Spring HATEOAS and Spring Data's PagedResourcesAssembler as documented in https://docs.spring.io/spring-data/commons/reference/repositories/core-extensions.html#core.web.pageables.

2026-04-18T15:57:48.205+02:00  INFO 9480 --- [HospitalManagementSystem] [http-nio-8899-exec-8] c.e.h.service.VoiceMessageService        : SendVoiceMessage starting: recipientId=25, sender=apjr.nzendong@gmail.com
2026-04-18T15:57:48.246+02:00  INFO 9480 --- [HospitalManagementSystem] [http-nio-8899-exec-8] c.e.h.service.VoiceMessageService        : Bytes read: 41834
2026-04-18T15:57:48.316+02:00  INFO 9480 --- [HospitalManagementSystem] [http-nio-8899-exec-8] c.e.h.service.VoiceMessageService        : Saving message to database...
2026-04-18T15:57:48.325+02:00  INFO 9480 --- [HospitalManagementSystem] [http-nio-8899-exec-8] c.e.h.service.VoiceMessageService        : Message saved with id: 3
2026-04-18T15:57:51.640+02:00  INFO 9480 --- [HospitalManagementSystem] [http-nio-8899-exec-1] c.e.h.controller.VoiceMessageController  : Requesting audio for voice message id=1
2026-04-18T15:57:51.640+02:00  INFO 9480 --- [HospitalManagementSystem] [http-nio-8899-exec-3] c.e.h.controller.VoiceMessageController  : Requesting audio for voice message id=2
2026-04-18T15:57:51.663+02:00  INFO 9480 --- [HospitalManagementSystem] [http-nio-8899-exec-10] c.e.h.controller.VoiceMessageController  : Requesting audio for voice message id=3
2026-04-18T15:57:51.690+02:00  INFO 9480 --- [HospitalManagementSystem] [http-nio-8899-exec-1] c.e.h.controller.VoiceMessageController  : Message found, fetching audio content... (filename=7bbaa0af-8c38-45dd-9172-1a100fe685e4.webm, dataLength=0)
2026-04-18T15:57:51.692+02:00  INFO 9480 --- [HospitalManagementSystem] [http-nio-8899-exec-3] c.e.h.controller.VoiceMessageController  : Message found, fetching audio content... (filename=d2c9f097-17c7-4d16-a614-61848b69f683.webm, dataLength=35072)
2026-04-18T15:57:51.712+02:00 ERROR 9480 --- [HospitalManagementSystem] [http-nio-8899-exec-1] c.e.h.service.VoiceMessageService        : Audio file not found in DB or filesystem for message id=1: Audio file not found: 7bbaa0af-8c38-45dd-9172-1a100fe685e4.webm
2026-04-18T15:57:51.737+02:00  INFO 9480 --- [HospitalManagementSystem] [http-nio-8899-exec-10] c.e.h.controller.VoiceMessageController  : Message found, fetching audio content... (filename=e5f7cc8c-6836-4966-8ea8-42c5713d15bf.webm, dataLength=41834)
2026-04-18T15:57:51.744+02:00  INFO 9480 --- [HospitalManagementSystem] [http-nio-8899-exec-2] c.e.h.controller.VoiceMessageController  : Requesting audio for voice message id=2
2026-04-18T15:57:51.795+02:00  INFO 9480 --- [HospitalManagementSystem] [http-nio-8899-exec-4] c.e.h.controller.VoiceMessageController  : Requesting audio for voice message id=3
2026-04-18T15:57:51.797+02:00  INFO 9480 --- [HospitalManagementSystem] [http-nio-8899-exec-2] c.e.h.controller.VoiceMessageController  : Message found, fetching audio content... (filename=d2c9f097-17c7-4d16-a614-61848b69f683.webm, dataLength=35072)
2026-04-18T15:57:51.814+02:00  INFO 9480 --- [HospitalManagementSystem] [http-nio-8899-exec-5] c.e.h.controller.VoiceMessageController  : Requesting audio for voice message id=1
2026-04-18T15:57:51.838+02:00  INFO 9480 --- [HospitalManagementSystem] [http-nio-8899-exec-4] c.e.h.controller.VoiceMessageController  : Message found, fetching audio content... (filename=e5f7cc8c-6836-4966-8ea8-42c5713d15bf.webm, dataLength=41834)
2026-04-18T15:57:51.856+02:00  INFO 9480 --- [HospitalManagementSystem] [http-nio-8899-exec-5] c.e.h.controller.VoiceMessageController  : Message found, fetching audio content... (filename=7bbaa0af-8c38-45dd-9172-1a100fe685e4.webm, dataLength=0)
2026-04-18T15:57:51.864+02:00 ERROR 9480 --- [HospitalManagementSystem] [http-nio-8899-exec-5] c.e.h.service.VoiceMessageService        : Audio file not found in DB or filesystem for message id=1: Audio file not found: 7bbaa0af-8c38-45dd-9172-1a100fe685e4.webm
